<testsuites id="" name="" tests="51" failures="0" skipped="8" errors="0" time="123.598923">
<testsuite name="auth\login.spec.js" timestamp="2026-06-13T06:11:21.596Z" hostname="chromium" tests="28" failures="0" skipped="3" time="164.762" errors="0">
<testcase name="Authentication — form tests (no session needed) › TC-AUTH-03: empty form shows validation" classname="auth\login.spec.js" time="3.291">
</testcase>
<testcase name="Authentication — form tests (no session needed) › TC-AUTH-04: email filled but no password shows validation" classname="auth\login.spec.js" time="3.135">
</testcase>
<testcase name="Authentication — form tests (no session needed) › TC-AUTH-05: password filled but no email shows validation" classname="auth\login.spec.js" time="2.898">
</testcase>
<testcase name="Authentication — form tests (no session needed) › TC-AUTH-06: show password reveals password text" classname="auth\login.spec.js" time="3.132">
</testcase>
<testcase name="Authentication — form tests (no session needed) › TC-AUTH-07: toggle password twice restores masked input" classname="auth\login.spec.js" time="2.956">
</testcase>
<testcase name="Authentication — form tests (no session needed) › TC-AUTH-08: unauthenticated access to /app/home redirects to login" classname="auth\login.spec.js" time="5.246">
</testcase>
<testcase name="Authentication — requires login › TC-AUTH-01: successful login redirects to /app/home" classname="auth\login.spec.js" time="3.225">
</testcase>
<testcase name="Authentication — requires login › TC-AUTH-02: wrong password shows error message" classname="auth\login.spec.js" time="62.018">
</testcase>
<testcase name="Authentication — session tests › TC-AUTH-09: session persists after page reload" classname="auth\login.spec.js" time="3.011">
</testcase>
<testcase name="Authentication — session tests › TC-AUTH-10: logout clears session and redirects to login" classname="auth\login.spec.js">
<properties>
<property name="skip" value="">
</property>
</properties>
<skipped>
</skipped>
</testcase>
<testcase name="Forgot Password › TC-AUTH-11: forgot password link is visible on the login page" classname="auth\login.spec.js" time="2.463">
</testcase>
<testcase name="Forgot Password › TC-AUTH-12: clicking forgot password link opens the password reset form" classname="auth\login.spec.js" time="3.228">
</testcase>
<testcase name="Forgot Password › TC-AUTH-13: password reset form has an email input field" classname="auth\login.spec.js">
<properties>
<property name="skip" value="">
</property>
</properties>
<skipped>
</skipped>
</testcase>
<testcase name="Forgot Password › TC-AUTH-14: submitting the reset form with a valid email shows a confirmation or success message" classname="auth\login.spec.js" time="4.884">
</testcase>
<testcase name="Forgot Password › TC-AUTH-15: back to login link is present on the reset password form" classname="auth\login.spec.js" time="2.891">
</testcase>
<testcase name="Social Login › TC-AUTH-16: Google or OAuth social login button is visible on login page" classname="auth\login.spec.js" time="2.968">
</testcase>
<testcase name="Social Login › TC-AUTH-17: Facebook or additional OAuth button is visible on login page" classname="auth\login.spec.js" time="2.111">
</testcase>
<testcase name="Social Login › TC-AUTH-18: clicking a social login button initiates a redirect or opens a popup" classname="auth\login.spec.js" time="3.818">
</testcase>
<testcase name="Sign Up › TC-AUTH-19: sign up link or button is visible from the login page" classname="auth\login.spec.js" time="2.447">
</testcase>
<testcase name="Sign Up › TC-AUTH-20: clicking sign up navigates to or opens a signup form" classname="auth\login.spec.js" time="3.169">
</testcase>
<testcase name="Sign Up › TC-AUTH-21: signup form has a name field" classname="auth\login.spec.js" time="4.269">
</testcase>
<testcase name="Sign Up › TC-AUTH-22: signup form has an email field" classname="auth\login.spec.js" time="3.315">
</testcase>
<testcase name="Sign Up › TC-AUTH-23: signup form has a password field" classname="auth\login.spec.js" time="3.207">
</testcase>
<testcase name="Sign Up › TC-AUTH-24: signup form shows a password strength indicator when typing" classname="auth\login.spec.js" time="3.658">
</testcase>
<testcase name="Sign Up › TC-AUTH-25: submitting the signup form creates an account or shows a confirmation" classname="auth\login.spec.js" time="3.229">
</testcase>
<testcase name="Security › TC-AUTH-26: multiple wrong password attempts show a lockout message or CAPTCHA" classname="auth\login.spec.js">
<properties>
<property name="skip" value="">
</property>
</properties>
<skipped>
</skipped>
</testcase>
<testcase name="Security › TC-AUTH-27: remember me checkbox is present on the login form" classname="auth\login.spec.js" time="2.314">
</testcase>
<testcase name="Security › TC-AUTH-28: remember me checkbox can be toggled on and off" classname="auth\login.spec.js" time="2.523">
</testcase>
</testsuite>
<testsuite name="platform\orbit.spec.js" timestamp="2026-06-13T06:11:21.596Z" hostname="chromium" tests="23" failures="0" skipped="5" time="75.081" errors="0">
<testcase name="Page Load and Layout › TC-ORBIT-01: page loads at the correct URL" classname="platform\orbit.spec.js" time="3.312">
</testcase>
<testcase name="Page Load and Layout › TC-ORBIT-02: Orbit heading is visible" classname="platform\orbit.spec.js" time="2.761">
</testcase>
<testcase name="Page Load and Layout › TC-ORBIT-03: main content area renders with child elements" classname="platform\orbit.spec.js" time="2.926">
</testcase>
<testcase name="Page Load and Layout › TC-ORBIT-04: sidebar or navigation is present" classname="platform\orbit.spec.js">
<properties>
<property name="skip" value="">
</property>
</properties>
<skipped>
</skipped>
</testcase>
<testcase name="Page Load and Layout › TC-ORBIT-05: page does not produce uncaught JS errors on load" classname="platform\orbit.spec.js" time="4.683">
</testcase>
<testcase name="Space-Themed Content Renders › TC-ORBIT-06: themed banner, hero, or canvas is visible" classname="platform\orbit.spec.js">
<properties>
<property name="skip" value="">
</property>
</properties>
<skipped>
</skipped>
</testcase>
<testcase name="Space-Themed Content Renders › TC-ORBIT-07: content cards or feed items are displayed" classname="platform\orbit.spec.js">
<properties>
<property name="skip" value="">
</property>
</properties>
<skipped>
</skipped>
</testcase>
<testcase name="Space-Themed Content Renders › TC-ORBIT-08: card titles are non-empty text" classname="platform\orbit.spec.js" time="3.263">
</testcase>
<testcase name="Space-Themed Content Renders › TC-ORBIT-09: author or creator info is displayed on content items" classname="platform\orbit.spec.js" time="2.86">
</testcase>
<testcase name="Space-Themed Content Renders › TC-ORBIT-10: timestamps or date indicators are shown" classname="platform\orbit.spec.js" time="3.233">
</testcase>
<testcase name="Section Navigation › TC-ORBIT-11: navigation tabs or links between sections are present" classname="platform\orbit.spec.js">
<properties>
<property name="skip" value="">
</property>
</properties>
<skipped>
</skipped>
</testcase>
<testcase name="Section Navigation › TC-ORBIT-12: switching between tabs updates visible content" classname="platform\orbit.spec.js">
<properties>
<property name="skip" value="">
</property>
</properties>
<skipped>
</skipped>
</testcase>
<testcase name="Section Navigation › TC-ORBIT-13: orbit sub-section routes are navigable" classname="platform\orbit.spec.js" time="3.242">
</testcase>
<testcase name="Section Navigation › TC-ORBIT-14: back navigation returns to orbit home" classname="platform\orbit.spec.js" time="3.346">
</testcase>
<testcase name="Interactive Elements › TC-ORBIT-15: like or upvote button is present on content items" classname="platform\orbit.spec.js" time="3.131">
</testcase>
<testcase name="Interactive Elements › TC-ORBIT-16: clicking like changes button state" classname="platform\orbit.spec.js" time="3.444">
</testcase>
<testcase name="Interactive Elements › TC-ORBIT-17: share or repost button is accessible" classname="platform\orbit.spec.js" time="3.109">
</testcase>
<testcase name="Interactive Elements › TC-ORBIT-18: comment button opens the thread or input" classname="platform\orbit.spec.js" time="2.92">
</testcase>
<testcase name="Join and Subscribe › TC-ORBIT-19: Join or Subscribe button is visible" classname="platform\orbit.spec.js" time="3.03">
</testcase>
<testcase name="Join and Subscribe › TC-ORBIT-20: clicking Join toggles the button state" classname="platform\orbit.spec.js" time="3.112">
</testcase>
<testcase name="Join and Subscribe › TC-ORBIT-21: Unfollow or Leave option appears after joining" classname="platform\orbit.spec.js" time="3.051">
</testcase>
<testcase name="Join and Subscribe › TC-ORBIT-22: featured or recommended orbits are displayed" classname="platform\orbit.spec.js" time="2.938">
</testcase>
<testcase name="Join and Subscribe › TC-ORBIT-23: page renders without critical console errors" classname="platform\orbit.spec.js" time="4.709">
</testcase>
</testsuite>
</testsuites>