<testsuites id="" name="" tests="1" failures="0" skipped="0" errors="1" time="121.737364">
<testsuite name="auth/auth.setup.js" timestamp="2026-06-16T06:25:19.524Z" hostname="auth" tests="1" failures="0" skipped="0" time="120.712" errors="1">
<testcase name="authenticate" classname="auth/auth.setup.js" time="120.712">
<system-out>
<![CDATA[
[[ATTACHMENT|2026-06-16_06-25-20/artifacts/auth-auth.setup.js-authenticate-auth/test-failed-1.png]]

[[ATTACHMENT|2026-06-16_06-25-20/artifacts/auth-auth.setup.js-authenticate-auth/video.webm]]

[[ATTACHMENT|2026-06-16_06-25-20/artifacts/auth-auth.setup.js-authenticate-auth/error-context.md]]
]]>
</system-out>
<error message="Test timeout of 120000ms exceeded." type="Error">
<![CDATA[  [auth] › auth/auth.setup.js:19:6 › authenticate ──────────────────────────────────────────────────

    Test timeout of 120000ms exceeded.

    Error: page.waitForURL: Test timeout of 120000ms exceeded.
    =========================== logs ===========================
    waiting for navigation until "domcontentloaded"
    ============================================================

      28 |
      29 |   // Confirm we landed in the app
    > 30 |   await page.waitForURL(/\/app\//, { timeout: 90000, waitUntil: 'domcontentloaded' });
         |              ^
      31 |
      32 |   // Warm up sub-path routes to capture their cookies
      33 |   for (const route of WARM_UP_ROUTES) {
        at /home/ubuntu/omre-webapp-testing/web/tests/auth/auth.setup.js:30:14

    attachment #1: screenshot (image/png) ──────────────────────────────────────────────────────────
    ../test-results/2026-06-16_06-25-20/artifacts/auth-auth.setup.js-authenticate-auth/test-failed-1.png
    ────────────────────────────────────────────────────────────────────────────────────────────────

    attachment #2: video (video/webm) ──────────────────────────────────────────────────────────────
    ../test-results/2026-06-16_06-25-20/artifacts/auth-auth.setup.js-authenticate-auth/video.webm
    ────────────────────────────────────────────────────────────────────────────────────────────────

    Error Context: ../test-results/2026-06-16_06-25-20/artifacts/auth-auth.setup.js-authenticate-auth/error-context.md
]]>
</error>
</testcase>
</testsuite>
</testsuites>