<testsuites id="" name="" tests="1662" failures="49" skipped="105" errors="84" time="7283.976468000001">
<testsuite name="accessibility\a11y.spec.js" timestamp="2026-06-12T12:06:31.534Z" hostname="chromium" tests="24" failures="0" skipped="0" time="1120.466" errors="20">
<testcase name="TC-A11Y-001 Page Landmarks › TC-A11Y-001-01 home page has a &lt;main&gt; landmark" classname="accessibility\a11y.spec.js" time="49.538">
<system-out>
<![CDATA[
[[ATTACHMENT|2026-06-12_17-36-32\artifacts\accessibility-a11y-TC-A11Y-8f708-me-page-has-a-main-landmark-chromium\test-failed-1.png]]

[[ATTACHMENT|2026-06-12_17-36-32\artifacts\accessibility-a11y-TC-A11Y-8f708-me-page-has-a-main-landmark-chromium\video.webm]]

[[ATTACHMENT|2026-06-12_17-36-32\artifacts\accessibility-a11y-TC-A11Y-8f708-me-page-has-a-main-landmark-chromium\error-context.md]]
]]>
</system-out>
<error message="Test timeout of 45000ms exceeded." type="Error">
<![CDATA[  [chromium] › accessibility\a11y.spec.js:13:3 › TC-A11Y-001 Page Landmarks › TC-A11Y-001-01 home page has a <main> landmark 

    Test timeout of 45000ms exceeded.

    Error: page.goto: Test timeout of 45000ms exceeded.
    Call log:
      - navigating to "https://app.omre.ai/app/home", waiting until "load"


      12 | test.describe('TC-A11Y-001 Page Landmarks', () => {
      13 |   test('TC-A11Y-001-01 home page has a <main> landmark', async ({ page }) => {
    > 14 |     await page.goto('https://app.omre.ai/app/home');
         |                ^
      15 |     const main = page.locator('main');
      16 |     const visible = await main.isVisible().catch(() => false);
      17 |     expect(visible).toBe(true);
        at C:\claude-folder\webapp-testing\omre-webapp\tests\accessibility\a11y.spec.js:14:16

    attachment #1: screenshot (image/png) ──────────────────────────────────────────────────────────
    ..\test-results\2026-06-12_17-36-32\artifacts\accessibility-a11y-TC-A11Y-8f708-me-page-has-a-main-landmark-chromium\test-failed-1.png
    ────────────────────────────────────────────────────────────────────────────────────────────────

    attachment #2: video (video/webm) ──────────────────────────────────────────────────────────────
    ..\test-results\2026-06-12_17-36-32\artifacts\accessibility-a11y-TC-A11Y-8f708-me-page-has-a-main-landmark-chromium\video.webm
    ────────────────────────────────────────────────────────────────────────────────────────────────

    Error Context: ..\test-results\2026-06-12_17-36-32\artifacts\accessibility-a11y-TC-A11Y-8f708-me-page-has-a-main-landmark-chromium\error-context.md
]]>
</error>
</testcase>
<testcase name="TC-A11Y-001 Page Landmarks › TC-A11Y-001-02 home page has a &lt;nav&gt; landmark" classname="accessibility\a11y.spec.js" time="49.594">
<system-out>
<![CDATA[
[[ATTACHMENT|2026-06-12_17-36-32\artifacts\accessibility-a11y-TC-A11Y-85b5e-ome-page-has-a-nav-landmark-chromium\test-failed-1.png]]

[[ATTACHMENT|2026-06-12_17-36-32\artifacts\accessibility-a11y-TC-A11Y-85b5e-ome-page-has-a-nav-landmark-chromium\video.webm]]

[[ATTACHMENT|2026-06-12_17-36-32\artifacts\accessibility-a11y-TC-A11Y-85b5e-ome-page-has-a-nav-landmark-chromium\error-context.md]]
]]>
</system-out>
<error message="Test timeout of 45000ms exceeded." type="Error">
<![CDATA[  [chromium] › accessibility\a11y.spec.js:20:3 › TC-A11Y-001 Page Landmarks › TC-A11Y-001-02 home page has a <nav> landmark 

    Test timeout of 45000ms exceeded.

    Error: page.goto: Test timeout of 45000ms exceeded.
    Call log:
      - navigating to "https://app.omre.ai/app/home", waiting until "load"


      19 |
      20 |   test('TC-A11Y-001-02 home page has a <nav> landmark', async ({ page }) => {
    > 21 |     await page.goto('https://app.omre.ai/app/home');
         |                ^
      22 |     const nav = page.locator('nav');
      23 |     const visible = await nav.first().isVisible().catch(() => false);
      24 |     expect(visible).toBe(true);
        at C:\claude-folder\webapp-testing\omre-webapp\tests\accessibility\a11y.spec.js:21:16

    attachment #1: screenshot (image/png) ──────────────────────────────────────────────────────────
    ..\test-results\2026-06-12_17-36-32\artifacts\accessibility-a11y-TC-A11Y-85b5e-ome-page-has-a-nav-landmark-chromium\test-failed-1.png
    ────────────────────────────────────────────────────────────────────────────────────────────────

    attachment #2: video (video/webm) ──────────────────────────────────────────────────────────────
    ..\test-results\2026-06-12_17-36-32\artifacts\accessibility-a11y-TC-A11Y-85b5e-ome-page-has-a-nav-landmark-chromium\video.webm
    ────────────────────────────────────────────────────────────────────────────────────────────────

    Error Context: ..\test-results\2026-06-12_17-36-32\artifacts\accessibility-a11y-TC-A11Y-85b5e-ome-page-has-a-nav-landmark-chromium\error-context.md
]]>
</error>
</testcase>
<testcase name="TC-A11Y-001 Page Landmarks › TC-A11Y-001-03 home page has a &lt;header&gt; landmark" classname="accessibility\a11y.spec.js" time="49.559">
<system-out>
<![CDATA[
[[ATTACHMENT|2026-06-12_17-36-32\artifacts\accessibility-a11y-TC-A11Y-8bb63--page-has-a-header-landmark-chromium\test-failed-1.png]]

[[ATTACHMENT|2026-06-12_17-36-32\artifacts\accessibility-a11y-TC-A11Y-8bb63--page-has-a-header-landmark-chromium\video.webm]]

[[ATTACHMENT|2026-06-12_17-36-32\artifacts\accessibility-a11y-TC-A11Y-8bb63--page-has-a-header-landmark-chromium\error-context.md]]
]]>
</system-out>
<error message="Test timeout of 45000ms exceeded." type="Error">
<![CDATA[  [chromium] › accessibility\a11y.spec.js:27:3 › TC-A11Y-001 Page Landmarks › TC-A11Y-001-03 home page has a <header> landmark 

    Test timeout of 45000ms exceeded.

    Error: page.goto: Test timeout of 45000ms exceeded.
    Call log:
      - navigating to "https://app.omre.ai/app/home", waiting until "load"


      26 |
      27 |   test('TC-A11Y-001-03 home page has a <header> landmark', async ({ page }) => {
    > 28 |     await page.goto('https://app.omre.ai/app/home');
         |                ^
      29 |     const header = page.locator('header');
      30 |     const visible = await header.first().isVisible().catch(() => false);
      31 |     expect(visible).toBe(true);
        at C:\claude-folder\webapp-testing\omre-webapp\tests\accessibility\a11y.spec.js:28:16

    attachment #1: screenshot (image/png) ──────────────────────────────────────────────────────────
    ..\test-results\2026-06-12_17-36-32\artifacts\accessibility-a11y-TC-A11Y-8bb63--page-has-a-header-landmark-chromium\test-failed-1.png
    ────────────────────────────────────────────────────────────────────────────────────────────────

    attachment #2: video (video/webm) ──────────────────────────────────────────────────────────────
    ..\test-results\2026-06-12_17-36-32\artifacts\accessibility-a11y-TC-A11Y-8bb63--page-has-a-header-landmark-chromium\video.webm
    ────────────────────────────────────────────────────────────────────────────────────────────────

    Error Context: ..\test-results\2026-06-12_17-36-32\artifacts\accessibility-a11y-TC-A11Y-8bb63--page-has-a-header-landmark-chromium\error-context.md
]]>
</error>
</testcase>
<testcase name="TC-A11Y-001 Page Landmarks › TC-A11Y-001-04 notifications page has a &lt;main&gt; landmark" classname="accessibility\a11y.spec.js" time="15.161">
</testcase>
<testcase name="TC-A11Y-001 Page Landmarks › TC-A11Y-001-05 profile page has a &lt;main&gt; landmark" classname="accessibility\a11y.spec.js" time="47.223">
<system-out>
<![CDATA[
[[ATTACHMENT|2026-06-12_17-36-32\artifacts\accessibility-a11y-TC-A11Y-3bfc0-le-page-has-a-main-landmark-chromium\test-failed-1.png]]

[[ATTACHMENT|2026-06-12_17-36-32\artifacts\accessibility-a11y-TC-A11Y-3bfc0-le-page-has-a-main-landmark-chromium\video.webm]]

[[ATTACHMENT|2026-06-12_17-36-32\artifacts\accessibility-a11y-TC-A11Y-3bfc0-le-page-has-a-main-landmark-chromium\error-context.md]]
]]>
</system-out>
<error message="Test timeout of 45000ms exceeded." type="Error">
<![CDATA[  [chromium] › accessibility\a11y.spec.js:41:3 › TC-A11Y-001 Page Landmarks › TC-A11Y-001-05 profile page has a <main> landmark 

    Test timeout of 45000ms exceeded.

    Error: page.goto: Test timeout of 45000ms exceeded.
    Call log:
      - navigating to "https://app.omre.ai/app/profile", waiting until "load"


      40 |
      41 |   test('TC-A11Y-001-05 profile page has a <main> landmark', async ({ page }) => {
    > 42 |     await page.goto('https://app.omre.ai/app/profile');
         |                ^
      43 |     const main = page.locator('main');
      44 |     const visible = await main.isVisible().catch(() => false);
      45 |     expect(visible).toBe(true);
        at C:\claude-folder\webapp-testing\omre-webapp\tests\accessibility\a11y.spec.js:42:16

    attachment #1: screenshot (image/png) ──────────────────────────────────────────────────────────
    ..\test-results\2026-06-12_17-36-32\artifacts\accessibility-a11y-TC-A11Y-3bfc0-le-page-has-a-main-landmark-chromium\test-failed-1.png
    ────────────────────────────────────────────────────────────────────────────────────────────────

    attachment #2: video (video/webm) ──────────────────────────────────────────────────────────────
    ..\test-results\2026-06-12_17-36-32\artifacts\accessibility-a11y-TC-A11Y-3bfc0-le-page-has-a-main-landmark-chromium\video.webm
    ────────────────────────────────────────────────────────────────────────────────────────────────

    Error Context: ..\test-results\2026-06-12_17-36-32\artifacts\accessibility-a11y-TC-A11Y-3bfc0-le-page-has-a-main-landmark-chromium\error-context.md
]]>
</error>
</testcase>
<testcase name="TC-A11Y-002 Focus Management › TC-A11Y-002-01 opening a modal moves focus inside it" classname="accessibility\a11y.spec.js" time="51.279">
<system-out>
<![CDATA[
[[ATTACHMENT|2026-06-12_17-37-25\artifacts\accessibility-a11y-TC-A11Y-d9ef9-modal-moves-focus-inside-it-chromium\test-failed-1.png]]

[[ATTACHMENT|2026-06-12_17-37-25\artifacts\accessibility-a11y-TC-A11Y-d9ef9-modal-moves-focus-inside-it-chromium\video.webm]]

[[ATTACHMENT|2026-06-12_17-37-25\artifacts\accessibility-a11y-TC-A11Y-d9ef9-modal-moves-focus-inside-it-chromium\error-context.md]]
]]>
</system-out>
<error message="Test timeout of 45000ms exceeded." type="Error">
<![CDATA[  [chromium] › accessibility\a11y.spec.js:53:3 › TC-A11Y-002 Focus Management › TC-A11Y-002-01 opening a modal moves focus inside it 

    Test timeout of 45000ms exceeded.

    Error: page.goto: Test timeout of 45000ms exceeded.
    Call log:
      - navigating to "https://app.omre.ai/app/home", waiting until "load"


      52 | test.describe('TC-A11Y-002 Focus Management', () => {
      53 |   test('TC-A11Y-002-01 opening a modal moves focus inside it', async ({ page }) => {
    > 54 |     await page.goto('https://app.omre.ai/app/home');
         |                ^
      55 |     // Attempt to trigger a modal (e.g. create-post button)
      56 |     const triggerSelectors = [
      57 |       'button[aria-haspopup="dialog"]',
        at C:\claude-folder\webapp-testing\omre-webapp\tests\accessibility\a11y.spec.js:54:16

    attachment #1: screenshot (image/png) ──────────────────────────────────────────────────────────
    ..\test-results\2026-06-12_17-37-25\artifacts\accessibility-a11y-TC-A11Y-d9ef9-modal-moves-focus-inside-it-chromium\test-failed-1.png
    ────────────────────────────────────────────────────────────────────────────────────────────────

    attachment #2: video (video/webm) ──────────────────────────────────────────────────────────────
    ..\test-results\2026-06-12_17-37-25\artifacts\accessibility-a11y-TC-A11Y-d9ef9-modal-moves-focus-inside-it-chromium\video.webm
    ────────────────────────────────────────────────────────────────────────────────────────────────

    Error Context: ..\test-results\2026-06-12_17-37-25\artifacts\accessibility-a11y-TC-A11Y-d9ef9-modal-moves-focus-inside-it-chromium\error-context.md
]]>
</error>
</testcase>
<testcase name="TC-A11Y-002 Focus Management › TC-A11Y-002-02 closing a modal returns focus to the trigger" classname="accessibility\a11y.spec.js" time="51.258">
<system-out>
<![CDATA[
[[ATTACHMENT|2026-06-12_17-37-25\artifacts\accessibility-a11y-TC-A11Y-d807f-eturns-focus-to-the-trigger-chromium\test-failed-1.png]]

[[ATTACHMENT|2026-06-12_17-37-25\artifacts\accessibility-a11y-TC-A11Y-d807f-eturns-focus-to-the-trigger-chromium\video.webm]]

[[ATTACHMENT|2026-06-12_17-37-25\artifacts\accessibility-a11y-TC-A11Y-d807f-eturns-focus-to-the-trigger-chromium\error-context.md]]
]]>
</system-out>
<error message="Test timeout of 45000ms exceeded." type="Error">
<![CDATA[  [chromium] › accessibility\a11y.spec.js:86:3 › TC-A11Y-002 Focus Management › TC-A11Y-002-02 closing a modal returns focus to the trigger 

    Test timeout of 45000ms exceeded.

    Error: page.goto: Test timeout of 45000ms exceeded.
    Call log:
      - navigating to "https://app.omre.ai/app/home", waiting until "load"


      85 |
      86 |   test('TC-A11Y-002-02 closing a modal returns focus to the trigger', async ({ page }) => {
    > 87 |     await page.goto('https://app.omre.ai/app/home');
         |                ^
      88 |     const triggerSelectors = [
      89 |       'button[aria-haspopup="dialog"]',
      90 |       'button[data-testid="open-modal"]',
        at C:\claude-folder\webapp-testing\omre-webapp\tests\accessibility\a11y.spec.js:87:16

    attachment #1: screenshot (image/png) ──────────────────────────────────────────────────────────
    ..\test-results\2026-06-12_17-37-25\artifacts\accessibility-a11y-TC-A11Y-d807f-eturns-focus-to-the-trigger-chromium\test-failed-1.png
    ────────────────────────────────────────────────────────────────────────────────────────────────

    attachment #2: video (video/webm) ──────────────────────────────────────────────────────────────
    ..\test-results\2026-06-12_17-37-25\artifacts\accessibility-a11y-TC-A11Y-d807f-eturns-focus-to-the-trigger-chromium\video.webm
    ────────────────────────────────────────────────────────────────────────────────────────────────

    Error Context: ..\test-results\2026-06-12_17-37-25\artifacts\accessibility-a11y-TC-A11Y-d807f-eturns-focus-to-the-trigger-chromium\error-context.md
]]>
</error>
</testcase>
<testcase name="TC-A11Y-002 Focus Management › TC-A11Y-002-03 Tab key cycles through interactive elements without getting stuck" classname="accessibility\a11y.spec.js" time="51.373">
<system-out>
<![CDATA[
[[ATTACHMENT|2026-06-12_17-37-25\artifacts\accessibility-a11y-TC-A11Y-4fbe6-ments-without-getting-stuck-chromium\test-failed-1.png]]

[[ATTACHMENT|2026-06-12_17-37-25\artifacts\accessibility-a11y-TC-A11Y-4fbe6-ments-without-getting-stuck-chromium\video.webm]]

[[ATTACHMENT|2026-06-12_17-37-25\artifacts\accessibility-a11y-TC-A11Y-4fbe6-ments-without-getting-stuck-chromium\error-context.md]]
]]>
</system-out>
<error message="Test timeout of 45000ms exceeded." type="Error">
<![CDATA[  [chromium] › accessibility\a11y.spec.js:113:3 › TC-A11Y-002 Focus Management › TC-A11Y-002-03 Tab key cycles through interactive elements without getting stuck 

    Test timeout of 45000ms exceeded.

    Error: page.goto: Test timeout of 45000ms exceeded.
    Call log:
      - navigating to "https://app.omre.ai/app/home", waiting until "load"


      112 |
      113 |   test('TC-A11Y-002-03 Tab key cycles through interactive elements without getting stuck', async ({ page }) => {
    > 114 |     await page.goto('https://app.omre.ai/app/home');
          |                ^
      115 |     await page.waitForLoadState('networkidle');
      116 |     // Press Tab 10 times and ensure we never throw / page stays responsive
      117 |     for (let i = 0; i < 10; i++) {
        at C:\claude-folder\webapp-testing\omre-webapp\tests\accessibility\a11y.spec.js:114:16

    attachment #1: screenshot (image/png) ──────────────────────────────────────────────────────────
    ..\test-results\2026-06-12_17-37-25\artifacts\accessibility-a11y-TC-A11Y-4fbe6-ments-without-getting-stuck-chromium\test-failed-1.png
    ────────────────────────────────────────────────────────────────────────────────────────────────

    attachment #2: video (video/webm) ──────────────────────────────────────────────────────────────
    ..\test-results\2026-06-12_17-37-25\artifacts\accessibility-a11y-TC-A11Y-4fbe6-ments-without-getting-stuck-chromium\video.webm
    ────────────────────────────────────────────────────────────────────────────────────────────────

    Error Context: ..\test-results\2026-06-12_17-37-25\artifacts\accessibility-a11y-TC-A11Y-4fbe6-ments-without-getting-stuck-chromium\error-context.md
]]>
</error>
</testcase>
<testcase name="TC-A11Y-002 Focus Management › TC-A11Y-002-04 skip-to-content link is present or page has accessible main" classname="accessibility\a11y.spec.js" time="49.838">
<system-out>
<![CDATA[
[[ATTACHMENT|2026-06-12_17-37-38\artifacts\accessibility-a11y-TC-A11Y-50178-or-page-has-accessible-main-chromium\test-failed-1.png]]

[[ATTACHMENT|2026-06-12_17-37-38\artifacts\accessibility-a11y-TC-A11Y-50178-or-page-has-accessible-main-chromium\video.webm]]

[[ATTACHMENT|2026-06-12_17-37-38\artifacts\accessibility-a11y-TC-A11Y-50178-or-page-has-accessible-main-chromium\error-context.md]]
]]>
</system-out>
<error message="Test timeout of 45000ms exceeded." type="Error">
<![CDATA[  [chromium] › accessibility\a11y.spec.js:125:3 › TC-A11Y-002 Focus Management › TC-A11Y-002-04 skip-to-content link is present or page has accessible main 

    Test timeout of 45000ms exceeded.

    Error: page.goto: Test timeout of 45000ms exceeded.
    Call log:
      - navigating to "https://app.omre.ai/app/home", waiting until "load"


      124 |
      125 |   test('TC-A11Y-002-04 skip-to-content link is present or page has accessible main', async ({ page }) => {
    > 126 |     await page.goto('https://app.omre.ai/app/home');
          |                ^
      127 |     const skipLink = page.locator('a[href="#main"], a[href="#content"], a[href="#maincontent"]');
      128 |     const skipCount = await skipLink.count().catch(() => 0);
      129 |     const main = page.locator('main');
        at C:\claude-folder\webapp-testing\omre-webapp\tests\accessibility\a11y.spec.js:126:16

    attachment #1: screenshot (image/png) ──────────────────────────────────────────────────────────
    ..\test-results\2026-06-12_17-37-38\artifacts\accessibility-a11y-TC-A11Y-50178-or-page-has-accessible-main-chromium\test-failed-1.png
    ────────────────────────────────────────────────────────────────────────────────────────────────

    attachment #2: video (video/webm) ──────────────────────────────────────────────────────────────
    ..\test-results\2026-06-12_17-37-38\artifacts\accessibility-a11y-TC-A11Y-50178-or-page-has-accessible-main-chromium\video.webm
    ────────────────────────────────────────────────────────────────────────────────────────────────

    Error Context: ..\test-results\2026-06-12_17-37-38\artifacts\accessibility-a11y-TC-A11Y-50178-or-page-has-accessible-main-chromium\error-context.md
]]>
</error>
</testcase>
<testcase name="TC-A11Y-002 Focus Management › TC-A11Y-002-05 pressing Tab on home navigates to first interactive element" classname="accessibility\a11y.spec.js" time="49.184">
<system-out>
<![CDATA[
[[ATTACHMENT|2026-06-12_17-38-20\artifacts\accessibility-a11y-TC-A11Y-f0656-o-first-interactive-element-chromium\test-failed-1.png]]

[[ATTACHMENT|2026-06-12_17-38-20\artifacts\accessibility-a11y-TC-A11Y-f0656-o-first-interactive-element-chromium\video.webm]]

[[ATTACHMENT|2026-06-12_17-38-20\artifacts\accessibility-a11y-TC-A11Y-f0656-o-first-interactive-element-chromium\error-context.md]]
]]>
</system-out>
<error message="Test timeout of 45000ms exceeded." type="Error">
<![CDATA[  [chromium] › accessibility\a11y.spec.js:135:3 › TC-A11Y-002 Focus Management › TC-A11Y-002-05 pressing Tab on home navigates to first interactive element 

    Test timeout of 45000ms exceeded.

    Error: page.goto: Test timeout of 45000ms exceeded.
    Call log:
      - navigating to "https://app.omre.ai/app/home", waiting until "load"


      134 |
      135 |   test('TC-A11Y-002-05 pressing Tab on home navigates to first interactive element', async ({ page }) => {
    > 136 |     await page.goto('https://app.omre.ai/app/home');
          |                ^
      137 |     await page.waitForLoadState('networkidle');
      138 |     await page.keyboard.press('Tab');
      139 |     const focusedTag = await page.evaluate(() => document.activeElement?.tagName).catch(() => 'BODY');
        at C:\claude-folder\webapp-testing\omre-webapp\tests\accessibility\a11y.spec.js:136:16

    attachment #1: screenshot (image/png) ──────────────────────────────────────────────────────────
    ..\test-results\2026-06-12_17-38-20\artifacts\accessibility-a11y-TC-A11Y-f0656-o-first-interactive-element-chromium\test-failed-1.png
    ────────────────────────────────────────────────────────────────────────────────────────────────

    attachment #2: video (video/webm) ──────────────────────────────────────────────────────────────
    ..\test-results\2026-06-12_17-38-20\artifacts\accessibility-a11y-TC-A11Y-f0656-o-first-interactive-element-chromium\video.webm
    ────────────────────────────────────────────────────────────────────────────────────────────────

    Error Context: ..\test-results\2026-06-12_17-38-20\artifacts\accessibility-a11y-TC-A11Y-f0656-o-first-interactive-element-chromium\error-context.md
]]>
</error>
</testcase>
<testcase name="TC-A11Y-003 ARIA Labels › TC-A11Y-003-01 icon-only buttons on home have aria-label" classname="accessibility\a11y.spec.js" time="49.125">
<system-out>
<![CDATA[
[[ATTACHMENT|2026-06-12_17-38-19\artifacts\accessibility-a11y-TC-A11Y-2361e-ons-on-home-have-aria-label-chromium\test-failed-1.png]]

[[ATTACHMENT|2026-06-12_17-38-19\artifacts\accessibility-a11y-TC-A11Y-2361e-ons-on-home-have-aria-label-chromium\video.webm]]

[[ATTACHMENT|2026-06-12_17-38-19\artifacts\accessibility-a11y-TC-A11Y-2361e-ons-on-home-have-aria-label-chromium\error-context.md]]
]]>
</system-out>
<error message="Test timeout of 45000ms exceeded." type="Error">
<![CDATA[  [chromium] › accessibility\a11y.spec.js:149:3 › TC-A11Y-003 ARIA Labels › TC-A11Y-003-01 icon-only buttons on home have aria-label 

    Test timeout of 45000ms exceeded.

    Error: page.goto: Test timeout of 45000ms exceeded.
    Call log:
      - navigating to "https://app.omre.ai/app/home", waiting until "load"


      148 | test.describe('TC-A11Y-003 ARIA Labels', () => {
      149 |   test('TC-A11Y-003-01 icon-only buttons on home have aria-label', async ({ page }) => {
    > 150 |     await page.goto('https://app.omre.ai/app/home');
          |                ^
      151 |     await page.waitForLoadState('networkidle');
      152 |     // Unlabelled buttons (no aria-label AND no aria-labelledby AND no visible text content)
      153 |     const unlabelledCount = await page
        at C:\claude-folder\webapp-testing\omre-webapp\tests\accessibility\a11y.spec.js:150:16

    attachment #1: screenshot (image/png) ──────────────────────────────────────────────────────────
    ..\test-results\2026-06-12_17-38-19\artifacts\accessibility-a11y-TC-A11Y-2361e-ons-on-home-have-aria-label-chromium\test-failed-1.png
    ────────────────────────────────────────────────────────────────────────────────────────────────

    attachment #2: video (video/webm) ──────────────────────────────────────────────────────────────
    ..\test-results\2026-06-12_17-38-19\artifacts\accessibility-a11y-TC-A11Y-2361e-ons-on-home-have-aria-label-chromium\video.webm
    ────────────────────────────────────────────────────────────────────────────────────────────────

    Error Context: ..\test-results\2026-06-12_17-38-19\artifacts\accessibility-a11y-TC-A11Y-2361e-ons-on-home-have-aria-label-chromium\error-context.md
]]>
</error>
</testcase>
<testcase name="TC-A11Y-003 ARIA Labels › TC-A11Y-003-02 images on home have alt text" classname="accessibility\a11y.spec.js" time="49.141">
<system-out>
<![CDATA[
[[ATTACHMENT|2026-06-12_17-38-20\artifacts\accessibility-a11y-TC-A11Y-17daf-mages-on-home-have-alt-text-chromium\test-failed-1.png]]

[[ATTACHMENT|2026-06-12_17-38-20\artifacts\accessibility-a11y-TC-A11Y-17daf-mages-on-home-have-alt-text-chromium\video.webm]]

[[ATTACHMENT|2026-06-12_17-38-20\artifacts\accessibility-a11y-TC-A11Y-17daf-mages-on-home-have-alt-text-chromium\error-context.md]]
]]>
</system-out>
<error message="Test timeout of 45000ms exceeded." type="Error">
<![CDATA[  [chromium] › accessibility\a11y.spec.js:162:3 › TC-A11Y-003 ARIA Labels › TC-A11Y-003-02 images on home have alt text 

    Test timeout of 45000ms exceeded.

    Error: page.waitForLoadState: Test timeout of 45000ms exceeded.

      162 |   test('TC-A11Y-003-02 images on home have alt text', async ({ page }) => {
      163 |     await page.goto('https://app.omre.ai/app/home');
    > 164 |     await page.waitForLoadState('networkidle');
          |                ^
      165 |     const missingAltCount = await page
      166 |       .locator('img:not([alt])')
      167 |       .count()
        at C:\claude-folder\webapp-testing\omre-webapp\tests\accessibility\a11y.spec.js:164:16

    attachment #1: screenshot (image/png) ──────────────────────────────────────────────────────────
    ..\test-results\2026-06-12_17-38-20\artifacts\accessibility-a11y-TC-A11Y-17daf-mages-on-home-have-alt-text-chromium\test-failed-1.png
    ────────────────────────────────────────────────────────────────────────────────────────────────

    attachment #2: video (video/webm) ──────────────────────────────────────────────────────────────
    ..\test-results\2026-06-12_17-38-20\artifacts\accessibility-a11y-TC-A11Y-17daf-mages-on-home-have-alt-text-chromium\video.webm
    ────────────────────────────────────────────────────────────────────────────────────────────────

    Error Context: ..\test-results\2026-06-12_17-38-20\artifacts\accessibility-a11y-TC-A11Y-17daf-mages-on-home-have-alt-text-chromium\error-context.md
]]>
</error>
</testcase>
<testcase name="TC-A11Y-003 ARIA Labels › TC-A11Y-003-03 form inputs on settings page have associated labels" classname="accessibility\a11y.spec.js" time="46.979">
<system-out>
<![CDATA[
[[ATTACHMENT|2026-06-12_17-38-31\artifacts\accessibility-a11y-TC-A11Y-dc66c-page-have-associated-labels-chromium\test-failed-1.png]]

[[ATTACHMENT|2026-06-12_17-38-31\artifacts\accessibility-a11y-TC-A11Y-dc66c-page-have-associated-labels-chromium\video.webm]]

[[ATTACHMENT|2026-06-12_17-38-31\artifacts\accessibility-a11y-TC-A11Y-dc66c-page-have-associated-labels-chromium\error-context.md]]
]]>
</system-out>
<error message="Test timeout of 45000ms exceeded." type="Error">
<![CDATA[  [chromium] › accessibility\a11y.spec.js:173:3 › TC-A11Y-003 ARIA Labels › TC-A11Y-003-03 form inputs on settings page have associated labels 

    Test timeout of 45000ms exceeded.

    Error: expect(received).toBeLessThan(expected)

    Expected: < 1
    Received:   1

      186 |       if (!ariaLabel && !ariaLabelledBy && !hasLabel) unlabelledInputs++;
      187 |     }
    > 188 |     expect(unlabelledInputs).toBeLessThan(inputs.length); // at least some inputs are labelled
          |                              ^
      189 |   });
      190 |
      191 |   test('TC-A11Y-003-04 nav links have descriptive accessible text', async ({ page }) => {
        at C:\claude-folder\webapp-testing\omre-webapp\tests\accessibility\a11y.spec.js:188:30

    attachment #1: screenshot (image/png) ──────────────────────────────────────────────────────────
    ..\test-results\2026-06-12_17-38-31\artifacts\accessibility-a11y-TC-A11Y-dc66c-page-have-associated-labels-chromium\test-failed-1.png
    ────────────────────────────────────────────────────────────────────────────────────────────────

    attachment #2: video (video/webm) ──────────────────────────────────────────────────────────────
    ..\test-results\2026-06-12_17-38-31\artifacts\accessibility-a11y-TC-A11Y-dc66c-page-have-associated-labels-chromium\video.webm
    ────────────────────────────────────────────────────────────────────────────────────────────────

    Error Context: ..\test-results\2026-06-12_17-38-31\artifacts\accessibility-a11y-TC-A11Y-dc66c-page-have-associated-labels-chromium\error-context.md
]]>
</error>
</testcase>
<testcase name="TC-A11Y-003 ARIA Labels › TC-A11Y-003-04 nav links have descriptive accessible text" classname="accessibility\a11y.spec.js" time="50.402">
<system-out>
<![CDATA[
[[ATTACHMENT|2026-06-12_17-39-12\artifacts\accessibility-a11y-TC-A11Y-982cb-descriptive-accessible-text-chromium\test-failed-1.png]]

[[ATTACHMENT|2026-06-12_17-39-12\artifacts\accessibility-a11y-TC-A11Y-982cb-descriptive-accessible-text-chromium\video.webm]]

[[ATTACHMENT|2026-06-12_17-39-12\artifacts\accessibility-a11y-TC-A11Y-982cb-descriptive-accessible-text-chromium\error-context.md]]
]]>
</system-out>
<error message="Test timeout of 45000ms exceeded." type="Error">
<![CDATA[  [chromium] › accessibility\a11y.spec.js:191:3 › TC-A11Y-003 ARIA Labels › TC-A11Y-003-04 nav links have descriptive accessible text 

    Test timeout of 45000ms exceeded.

    Error: page.goto: Test timeout of 45000ms exceeded.
    Call log:
      - navigating to "https://app.omre.ai/app/home", waiting until "load"


      190 |
      191 |   test('TC-A11Y-003-04 nav links have descriptive accessible text', async ({ page }) => {
    > 192 |     await page.goto('https://app.omre.ai/app/home');
          |                ^
      193 |     await page.waitForLoadState('networkidle');
      194 |     const navLinks = await page.locator('nav a').all();
      195 |     expect(navLinks.length).toBeGreaterThan(0);
        at C:\claude-folder\webapp-testing\omre-webapp\tests\accessibility\a11y.spec.js:192:16

    attachment #1: screenshot (image/png) ──────────────────────────────────────────────────────────
    ..\test-results\2026-06-12_17-39-12\artifacts\accessibility-a11y-TC-A11Y-982cb-descriptive-accessible-text-chromium\test-failed-1.png
    ────────────────────────────────────────────────────────────────────────────────────────────────

    attachment #2: video (video/webm) ──────────────────────────────────────────────────────────────
    ..\test-results\2026-06-12_17-39-12\artifacts\accessibility-a11y-TC-A11Y-982cb-descriptive-accessible-text-chromium\video.webm
    ────────────────────────────────────────────────────────────────────────────────────────────────

    Error Context: ..\test-results\2026-06-12_17-39-12\artifacts\accessibility-a11y-TC-A11Y-982cb-descriptive-accessible-text-chromium\error-context.md
]]>
</error>
</testcase>
<testcase name="TC-A11Y-003 ARIA Labels › TC-A11Y-003-05 icon-only buttons on notifications page have aria-label" classname="accessibility\a11y.spec.js" time="33.676">
</testcase>
<testcase name="TC-A11Y-004 Keyboard Navigation › TC-A11Y-004-01 Tab reaches a like/reaction button in the home feed" classname="accessibility\a11y.spec.js" time="49.72">
<system-out>
<![CDATA[
[[ATTACHMENT|2026-06-12_17-39-12\artifacts\accessibility-a11y-TC-A11Y-f435d-ion-button-in-the-home-feed-chromium\test-failed-1.png]]

[[ATTACHMENT|2026-06-12_17-39-12\artifacts\accessibility-a11y-TC-A11Y-f435d-ion-button-in-the-home-feed-chromium\video.webm]]

[[ATTACHMENT|2026-06-12_17-39-12\artifacts\accessibility-a11y-TC-A11Y-f435d-ion-button-in-the-home-feed-chromium\error-context.md]]
]]>
</system-out>
<error message="Test timeout of 45000ms exceeded." type="Error">
<![CDATA[  [chromium] › accessibility\a11y.spec.js:222:3 › TC-A11Y-004 Keyboard Navigation › TC-A11Y-004-01 Tab reaches a like/reaction button in the home feed 

    Test timeout of 45000ms exceeded.

    Error: page.goto: Test timeout of 45000ms exceeded.
    Call log:
      - navigating to "https://app.omre.ai/app/home", waiting until "load"


      221 | test.describe('TC-A11Y-004 Keyboard Navigation', () => {
      222 |   test('TC-A11Y-004-01 Tab reaches a like/reaction button in the home feed', async ({ page }) => {
    > 223 |     await page.goto('https://app.omre.ai/app/home');
          |                ^
      224 |     await page.waitForLoadState('networkidle');
      225 |     let likeButtonFocused = false;
      226 |     for (let i = 0; i < 30; i++) {
        at C:\claude-folder\webapp-testing\omre-webapp\tests\accessibility\a11y.spec.js:223:16

    attachment #1: screenshot (image/png) ──────────────────────────────────────────────────────────
    ..\test-results\2026-06-12_17-39-12\artifacts\accessibility-a11y-TC-A11Y-f435d-ion-button-in-the-home-feed-chromium\test-failed-1.png
    ────────────────────────────────────────────────────────────────────────────────────────────────

    attachment #2: video (video/webm) ──────────────────────────────────────────────────────────────
    ..\test-results\2026-06-12_17-39-12\artifacts\accessibility-a11y-TC-A11Y-f435d-ion-button-in-the-home-feed-chromium\video.webm
    ────────────────────────────────────────────────────────────────────────────────────────────────

    Error Context: ..\test-results\2026-06-12_17-39-12\artifacts\accessibility-a11y-TC-A11Y-f435d-ion-button-in-the-home-feed-chromium\error-context.md
]]>
</error>
</testcase>
<testcase name="TC-A11Y-004 Keyboard Navigation › TC-A11Y-004-02 Enter key on a focused like button activates it" classname="accessibility\a11y.spec.js" time="50.528">
<system-out>
<![CDATA[
[[ATTACHMENT|2026-06-12_17-39-21\artifacts\accessibility-a11y-TC-A11Y-5d2b8-ed-like-button-activates-it-chromium\test-failed-1.png]]

[[ATTACHMENT|2026-06-12_17-39-21\artifacts\accessibility-a11y-TC-A11Y-5d2b8-ed-like-button-activates-it-chromium\video.webm]]

[[ATTACHMENT|2026-06-12_17-39-21\artifacts\accessibility-a11y-TC-A11Y-5d2b8-ed-like-button-activates-it-chromium\error-context.md]]
]]>
</system-out>
<error message="Test timeout of 45000ms exceeded." type="Error">
<![CDATA[  [chromium] › accessibility\a11y.spec.js:242:3 › TC-A11Y-004 Keyboard Navigation › TC-A11Y-004-02 Enter key on a focused like button activates it 

    Test timeout of 45000ms exceeded.

    Error: page.goto: Test timeout of 45000ms exceeded.
    Call log:
      - navigating to "https://app.omre.ai/app/home", waiting until "load"


      241 |
      242 |   test('TC-A11Y-004-02 Enter key on a focused like button activates it', async ({ page }) => {
    > 243 |     await page.goto('https://app.omre.ai/app/home');
          |                ^
      244 |     await page.waitForLoadState('networkidle');
      245 |     let likeButtonFocused = false;
      246 |     for (let i = 0; i < 30; i++) {
        at C:\claude-folder\webapp-testing\omre-webapp\tests\accessibility\a11y.spec.js:243:16

    attachment #1: screenshot (image/png) ──────────────────────────────────────────────────────────
    ..\test-results\2026-06-12_17-39-21\artifacts\accessibility-a11y-TC-A11Y-5d2b8-ed-like-button-activates-it-chromium\test-failed-1.png
    ────────────────────────────────────────────────────────────────────────────────────────────────

    attachment #2: video (video/webm) ──────────────────────────────────────────────────────────────
    ..\test-results\2026-06-12_17-39-21\artifacts\accessibility-a11y-TC-A11Y-5d2b8-ed-like-button-activates-it-chromium\video.webm
    ────────────────────────────────────────────────────────────────────────────────────────────────

    Error Context: ..\test-results\2026-06-12_17-39-21\artifacts\accessibility-a11y-TC-A11Y-5d2b8-ed-like-button-activates-it-chromium\error-context.md
]]>
</error>
</testcase>
<testcase name="TC-A11Y-004 Keyboard Navigation › TC-A11Y-004-03 Tab reaches the compose/message input on messages page" classname="accessibility\a11y.spec.js" time="45.874">
<system-out>
<![CDATA[
[[ATTACHMENT|2026-06-12_17-39-12\artifacts\accessibility-a11y-TC-A11Y-03828-sage-input-on-messages-page-chromium\test-failed-1.png]]

[[ATTACHMENT|2026-06-12_17-39-12\artifacts\accessibility-a11y-TC-A11Y-03828-sage-input-on-messages-page-chromium\video.webm]]

[[ATTACHMENT|2026-06-12_17-39-12\artifacts\accessibility-a11y-TC-A11Y-03828-sage-input-on-messages-page-chromium\error-context.md]]
]]>
</system-out>
<error message="Test timeout of 45000ms exceeded." type="Error">
<![CDATA[  [chromium] › accessibility\a11y.spec.js:265:3 › TC-A11Y-004 Keyboard Navigation › TC-A11Y-004-03 Tab reaches the compose/message input on messages page 

    Test timeout of 45000ms exceeded.

    Error: page.goto: Test timeout of 45000ms exceeded.
    Call log:
      - navigating to "https://app.omre.ai/app/messages", waiting until "load"


      264 |
      265 |   test('TC-A11Y-004-03 Tab reaches the compose/message input on messages page', async ({ page }) => {
    > 266 |     await page.goto('https://app.omre.ai/app/messages');
          |                ^
      267 |     await page.waitForLoadState('networkidle');
      268 |     let inputFocused = false;
      269 |     for (let i = 0; i < 20; i++) {
        at C:\claude-folder\webapp-testing\omre-webapp\tests\accessibility\a11y.spec.js:266:16

    attachment #1: screenshot (image/png) ──────────────────────────────────────────────────────────
    ..\test-results\2026-06-12_17-39-12\artifacts\accessibility-a11y-TC-A11Y-03828-sage-input-on-messages-page-chromium\test-failed-1.png
    ────────────────────────────────────────────────────────────────────────────────────────────────

    attachment #2: video (video/webm) ──────────────────────────────────────────────────────────────
    ..\test-results\2026-06-12_17-39-12\artifacts\accessibility-a11y-TC-A11Y-03828-sage-input-on-messages-page-chromium\video.webm
    ────────────────────────────────────────────────────────────────────────────────────────────────

    Error Context: ..\test-results\2026-06-12_17-39-12\artifacts\accessibility-a11y-TC-A11Y-03828-sage-input-on-messages-page-chromium\error-context.md
]]>
</error>
</testcase>
<testcase name="TC-A11Y-004 Keyboard Navigation › TC-A11Y-004-04 Tab navigates between sections on the settings page" classname="accessibility\a11y.spec.js" time="42.467">
</testcase>
<testcase name="TC-A11Y-004 Keyboard Navigation › TC-A11Y-004-05 Escape key closes an open modal" classname="accessibility\a11y.spec.js" time="49.177">
<system-out>
<![CDATA[
[[ATTACHMENT|2026-06-12_17-40-05\artifacts\accessibility-a11y-TC-A11Y-74a5d-pe-key-closes-an-open-modal-chromium\test-failed-1.png]]

[[ATTACHMENT|2026-06-12_17-40-05\artifacts\accessibility-a11y-TC-A11Y-74a5d-pe-key-closes-an-open-modal-chromium\video.webm]]

[[ATTACHMENT|2026-06-12_17-40-05\artifacts\accessibility-a11y-TC-A11Y-74a5d-pe-key-closes-an-open-modal-chromium\error-context.md]]
]]>
</system-out>
<error message="Test timeout of 45000ms exceeded." type="Error">
<![CDATA[  [chromium] › accessibility\a11y.spec.js:293:3 › TC-A11Y-004 Keyboard Navigation › TC-A11Y-004-05 Escape key closes an open modal 

    Test timeout of 45000ms exceeded.

    Error: page.goto: Test timeout of 45000ms exceeded.
    Call log:
      - navigating to "https://app.omre.ai/app/home", waiting until "load"


      292 |
      293 |   test('TC-A11Y-004-05 Escape key closes an open modal', async ({ page }) => {
    > 294 |     await page.goto('https://app.omre.ai/app/home');
          |                ^
      295 |     const triggerSelectors = [
      296 |       'button[aria-haspopup="dialog"]',
      297 |       'button[data-testid="open-modal"]',
        at C:\claude-folder\webapp-testing\omre-webapp\tests\accessibility\a11y.spec.js:294:16

    attachment #1: screenshot (image/png) ──────────────────────────────────────────────────────────
    ..\test-results\2026-06-12_17-40-05\artifacts\accessibility-a11y-TC-A11Y-74a5d-pe-key-closes-an-open-modal-chromium\test-failed-1.png
    ────────────────────────────────────────────────────────────────────────────────────────────────

    attachment #2: video (video/webm) ──────────────────────────────────────────────────────────────
    ..\test-results\2026-06-12_17-40-05\artifacts\accessibility-a11y-TC-A11Y-74a5d-pe-key-closes-an-open-modal-chromium\video.webm
    ────────────────────────────────────────────────────────────────────────────────────────────────

    Error Context: ..\test-results\2026-06-12_17-40-05\artifacts\accessibility-a11y-TC-A11Y-74a5d-pe-key-closes-an-open-modal-chromium\error-context.md
]]>
</error>
</testcase>
<testcase name="TC-A11Y-005 Screen Reader Hints › TC-A11Y-005-01 notifications page has an aria-live region" classname="accessibility\a11y.spec.js" time="44.944">
</testcase>
<testcase name="TC-A11Y-005 Screen Reader Hints › TC-A11Y-005-02 status messages use role=&quot;status&quot; or aria-live" classname="accessibility\a11y.spec.js" time="48.089">
<system-out>
<![CDATA[
[[ATTACHMENT|2026-06-12_17-40-37\artifacts\accessibility-a11y-TC-A11Y-19422-se-role-status-or-aria-live-chromium\test-failed-1.png]]

[[ATTACHMENT|2026-06-12_17-40-37\artifacts\accessibility-a11y-TC-A11Y-19422-se-role-status-or-aria-live-chromium\video.webm]]

[[ATTACHMENT|2026-06-12_17-40-37\artifacts\accessibility-a11y-TC-A11Y-19422-se-role-status-or-aria-live-chromium\error-context.md]]
]]>
</system-out>
<error message="Test timeout of 45000ms exceeded." type="Error">
<![CDATA[  [chromium] › accessibility\a11y.spec.js:333:3 › TC-A11Y-005 Screen Reader Hints › TC-A11Y-005-02 status messages use role="status" or aria-live 

    Test timeout of 45000ms exceeded.

    Error: page.goto: Test timeout of 45000ms exceeded.
    Call log:
      - navigating to "https://app.omre.ai/app/home", waiting until "load"


      332 |
      333 |   test('TC-A11Y-005-02 status messages use role="status" or aria-live', async ({ page }) => {
    > 334 |     await page.goto('https://app.omre.ai/app/home');
          |                ^
      335 |     await page.waitForLoadState('networkidle');
      336 |     const statusCount = await page.locator('[role="status"], [aria-live]').count().catch(() => 0);
      337 |     // At least one status/live region should exist in the app
        at C:\claude-folder\webapp-testing\omre-webapp\tests\accessibility\a11y.spec.js:334:16

    attachment #1: screenshot (image/png) ──────────────────────────────────────────────────────────
    ..\test-results\2026-06-12_17-40-37\artifacts\accessibility-a11y-TC-A11Y-19422-se-role-status-or-aria-live-chromium\test-failed-1.png
    ────────────────────────────────────────────────────────────────────────────────────────────────

    attachment #2: video (video/webm) ──────────────────────────────────────────────────────────────
    ..\test-results\2026-06-12_17-40-37\artifacts\accessibility-a11y-TC-A11Y-19422-se-role-status-or-aria-live-chromium\video.webm
    ────────────────────────────────────────────────────────────────────────────────────────────────

    Error Context: ..\test-results\2026-06-12_17-40-37\artifacts\accessibility-a11y-TC-A11Y-19422-se-role-status-or-aria-live-chromium\error-context.md
]]>
</error>
</testcase>
<testcase name="TC-A11Y-005 Screen Reader Hints › TC-A11Y-005-03 error messages use role=&quot;alert&quot; or aria-live=&quot;assertive&quot;" classname="accessibility\a11y.spec.js" time="49.847">
<system-out>
<![CDATA[
[[ATTACHMENT|2026-06-12_17-40-05\artifacts\accessibility-a11y-TC-A11Y-39076-ert-or-aria-live-assertive--chromium\test-failed-1.png]]

[[ATTACHMENT|2026-06-12_17-40-05\artifacts\accessibility-a11y-TC-A11Y-39076-ert-or-aria-live-assertive--chromium\video.webm]]

[[ATTACHMENT|2026-06-12_17-40-05\artifacts\accessibility-a11y-TC-A11Y-39076-ert-or-aria-live-assertive--chromium\error-context.md]]
]]>
</system-out>
<error message="Test timeout of 45000ms exceeded." type="Error">
<![CDATA[  [chromium] › accessibility\a11y.spec.js:345:3 › TC-A11Y-005 Screen Reader Hints › TC-A11Y-005-03 error messages use role="alert" or aria-live="assertive" 

    Test timeout of 45000ms exceeded.

    Error: page.goto: Test timeout of 45000ms exceeded.
    Call log:
      - navigating to "https://app.omre.ai/app/home", waiting until "load"


      344 |
      345 |   test('TC-A11Y-005-03 error messages use role="alert" or aria-live="assertive"', async ({ page }) => {
    > 346 |     await page.goto('https://app.omre.ai/app/home');
          |                ^
      347 |     await page.waitForLoadState('networkidle');
      348 |     // Trigger a form validation error if possible
      349 |     const postInput = page.locator('textarea, [contenteditable="true"]').first();
        at C:\claude-folder\webapp-testing\omre-webapp\tests\accessibility\a11y.spec.js:346:16

    attachment #1: screenshot (image/png) ──────────────────────────────────────────────────────────
    ..\test-results\2026-06-12_17-40-05\artifacts\accessibility-a11y-TC-A11Y-39076-ert-or-aria-live-assertive--chromium\test-failed-1.png
    ────────────────────────────────────────────────────────────────────────────────────────────────

    attachment #2: video (video/webm) ──────────────────────────────────────────────────────────────
    ..\test-results\2026-06-12_17-40-05\artifacts\accessibility-a11y-TC-A11Y-39076-ert-or-aria-live-assertive--chromium\video.webm
    ────────────────────────────────────────────────────────────────────────────────────────────────

    Error Context: ..\test-results\2026-06-12_17-40-05\artifacts\accessibility-a11y-TC-A11Y-39076-ert-or-aria-live-assertive--chromium\error-context.md
]]>
</error>
</testcase>
<testcase name="TC-A11Y-005 Screen Reader Hints › TC-A11Y-005-04 h1 heading exists on each main page" classname="accessibility\a11y.spec.js" time="46.49">
<system-out>
<![CDATA[
[[ATTACHMENT|2026-06-12_17-40-58\artifacts\accessibility-a11y-TC-A11Y-b86d6-ng-exists-on-each-main-page-chromium\test-failed-1.png]]

[[ATTACHMENT|2026-06-12_17-40-58\artifacts\accessibility-a11y-TC-A11Y-b86d6-ng-exists-on-each-main-page-chromium\video.webm]]

[[ATTACHMENT|2026-06-12_17-40-58\artifacts\accessibility-a11y-TC-A11Y-b86d6-ng-exists-on-each-main-page-chromium\error-context.md]]
]]>
</system-out>
<error message="Test timeout of 45000ms exceeded." type="Error">
<![CDATA[  [chromium] › accessibility\a11y.spec.js:377:3 › TC-A11Y-005 Screen Reader Hints › TC-A11Y-005-04 h1 heading exists on each main page 

    Test timeout of 45000ms exceeded.

    Error: page.goto: Test timeout of 45000ms exceeded.
    Call log:
      - navigating to "https://app.omre.ai/app/home", waiting until "load"


      382 |     ];
      383 |     for (const url of pages) {
    > 384 |       await page.goto(url);
          |                  ^
      385 |       await page.waitForLoadState('networkidle');
      386 |       // Either an h1 or a visually-styled heading with role="heading" and aria-level="1"
      387 |       const h1Count = await page.locator('h1, [role="heading"][aria-level="1"]').count().catch(() => 0);
        at C:\claude-folder\webapp-testing\omre-webapp\tests\accessibility\a11y.spec.js:384:18

    attachment #1: screenshot (image/png) ──────────────────────────────────────────────────────────
    ..\test-results\2026-06-12_17-40-58\artifacts\accessibility-a11y-TC-A11Y-b86d6-ng-exists-on-each-main-page-chromium\test-failed-1.png
    ────────────────────────────────────────────────────────────────────────────────────────────────

    attachment #2: video (video/webm) ──────────────────────────────────────────────────────────────
    ..\test-results\2026-06-12_17-40-58\artifacts\accessibility-a11y-TC-A11Y-b86d6-ng-exists-on-each-main-page-chromium\video.webm
    ────────────────────────────────────────────────────────────────────────────────────────────────

    Error Context: ..\test-results\2026-06-12_17-40-58\artifacts\accessibility-a11y-TC-A11Y-b86d6-ng-exists-on-each-main-page-chromium\error-context.md
]]>
</error>
</testcase>
</testsuite>
<testsuite name="auth\login.spec.js" timestamp="2026-06-12T12:06:31.534Z" hostname="chromium" tests="28" failures="2" skipped="0" time="668.433" errors="1">
<testcase name="Authentication — form tests (no session needed) › TC-AUTH-03: empty form shows validation" classname="auth\login.spec.js" time="28.209">
</testcase>
<testcase name="Authentication — form tests (no session needed) › TC-AUTH-04: email filled but no password shows validation" classname="auth\login.spec.js" time="24.207">
</testcase>
<testcase name="Authentication — form tests (no session needed) › TC-AUTH-05: password filled but no email shows validation" classname="auth\login.spec.js" time="14.125">
</testcase>
<testcase name="Authentication — form tests (no session needed) › TC-AUTH-06: show password reveals password text" classname="auth\login.spec.js" time="22.688">
</testcase>
<testcase name="Authentication — form tests (no session needed) › TC-AUTH-07: toggle password twice restores masked input" classname="auth\login.spec.js" time="23.048">
</testcase>
<testcase name="Authentication — form tests (no session needed) › TC-AUTH-08: unauthenticated access to /app/home redirects to login" classname="auth\login.spec.js" time="19.536">
</testcase>
<testcase name="Authentication — requires login › TC-AUTH-01: successful login redirects to /app/home" classname="auth\login.spec.js" time="44.945">
</testcase>
<testcase name="Authentication — requires login › TC-AUTH-02: wrong password shows error message" classname="auth\login.spec.js" time="63.992">
</testcase>
<testcase name="Authentication — session tests › TC-AUTH-09: session persists after page reload" classname="auth\login.spec.js" time="32.867">
</testcase>
<testcase name="Authentication — session tests › TC-AUTH-10: logout clears session and redirects to login" classname="auth\login.spec.js" time="44.727">
<system-out>
<![CDATA[
[[ATTACHMENT|2026-06-12_17-40-16\artifacts\auth-login-Authentication--b5f8c-sion-and-redirects-to-login-chromium\test-failed-1.png]]

[[ATTACHMENT|2026-06-12_17-40-16\artifacts\auth-login-Authentication--b5f8c-sion-and-redirects-to-login-chromium\video.webm]]

[[ATTACHMENT|2026-06-12_17-40-16\artifacts\auth-login-Authentication--b5f8c-sion-and-redirects-to-login-chromium\error-context.md]]
]]>
</system-out>
<failure message="expect(page).toHaveURL(expected) failed" type="expect.toHaveURL">
<![CDATA[  [chromium] › auth\login.spec.js:94:7 › Authentication — session tests › TC-AUTH-10: logout clears session and redirects to login 

    Error: expect(page).toHaveURL(expected) failed

    Expected pattern: /\/auth\/login/
    Received string:  "https://app.omre.ai/app/home"
    Timeout: 10000ms

    Call log:
      - Expect "toHaveURL" with timeout 10000ms
        23 × unexpected value "https://app.omre.ai/app/home"


       at ..\pages\LoginPage.js:67

      65 |
      66 |   async expectOnLoginPage() {
    > 67 |     await expect(this.page).toHaveURL(/\/auth\/login/, { timeout: 10000 });
         |                             ^
      68 |   }
      69 |
      70 |   async expectErrorVisible() {
        at LoginPage.expectOnLoginPage (C:\claude-folder\webapp-testing\omre-webapp\pages\LoginPage.js:67:29)
        at C:\claude-folder\webapp-testing\omre-webapp\tests\auth\login.spec.js:98:21

    attachment #1: screenshot (image/png) ──────────────────────────────────────────────────────────
    ..\test-results\2026-06-12_17-40-16\artifacts\auth-login-Authentication--b5f8c-sion-and-redirects-to-login-chromium\test-failed-1.png
    ────────────────────────────────────────────────────────────────────────────────────────────────

    attachment #2: video (video/webm) ──────────────────────────────────────────────────────────────
    ..\test-results\2026-06-12_17-40-16\artifacts\auth-login-Authentication--b5f8c-sion-and-redirects-to-login-chromium\video.webm
    ────────────────────────────────────────────────────────────────────────────────────────────────

    Error Context: ..\test-results\2026-06-12_17-40-16\artifacts\auth-login-Authentication--b5f8c-sion-and-redirects-to-login-chromium\error-context.md
]]>
</failure>
</testcase>
<testcase name="Forgot Password › TC-AUTH-11: forgot password link is visible on the login page" classname="auth\login.spec.js" time="21.841">
</testcase>
<testcase name="Forgot Password › TC-AUTH-12: clicking forgot password link opens the password reset form" classname="auth\login.spec.js" time="23.063">
</testcase>
<testcase name="Forgot Password › TC-AUTH-13: password reset form has an email input field" classname="auth\login.spec.js" time="12.078">
<system-out>
<![CDATA[
[[ATTACHMENT|2026-06-12_17-42-54\artifacts\auth-login-Forgot-Password-d7ba0-rm-has-an-email-input-field-chromium\test-failed-1.png]]

[[ATTACHMENT|2026-06-12_17-42-54\artifacts\auth-login-Forgot-Password-d7ba0-rm-has-an-email-input-field-chromium\video.webm]]

[[ATTACHMENT|2026-06-12_17-42-54\artifacts\auth-login-Forgot-Password-d7ba0-rm-has-an-email-input-field-chromium\error-context.md]]
]]>
</system-out>
<failure message="expect(locator).toBeVisible() failed" type="expect.toBeVisible">
<![CDATA[  [chromium] › auth\login.spec.js:126:7 › Forgot Password › TC-AUTH-13: password reset form has an email input field 

    Error: expect(locator).toBeVisible() failed

    Locator: locator('input[type="email"], input[placeholder*="email" i], input[aria-label*="email" i]').first()
    Expected: visible
    Timeout: 8000ms
    Error: element(s) not found

    Call log:
      - Expect "toBeVisible" with timeout 8000ms
      - waiting for locator('input[type="email"], input[placeholder*="email" i], input[aria-label*="email" i]').first()


      132 |       'input[type="email"], input[placeholder*="email" i], input[aria-label*="email" i]'
      133 |     ).first();
    > 134 |     await expect(emailField).toBeVisible({ timeout: 8000 });
          |                              ^
      135 |   });
      136 |
      137 |   test('TC-AUTH-14: submitting the reset form with a valid email shows a confirmation or success message', async ({ page }) => {
        at C:\claude-folder\webapp-testing\omre-webapp\tests\auth\login.spec.js:134:30

    attachment #1: screenshot (image/png) ──────────────────────────────────────────────────────────
    ..\test-results\2026-06-12_17-42-54\artifacts\auth-login-Forgot-Password-d7ba0-rm-has-an-email-input-field-chromium\test-failed-1.png
    ────────────────────────────────────────────────────────────────────────────────────────────────

    attachment #2: video (video/webm) ──────────────────────────────────────────────────────────────
    ..\test-results\2026-06-12_17-42-54\artifacts\auth-login-Forgot-Password-d7ba0-rm-has-an-email-input-field-chromium\video.webm
    ────────────────────────────────────────────────────────────────────────────────────────────────

    Error Context: ..\test-results\2026-06-12_17-42-54\artifacts\auth-login-Forgot-Password-d7ba0-rm-has-an-email-input-field-chromium\error-context.md
]]>
</failure>
</testcase>
<testcase name="Forgot Password › TC-AUTH-14: submitting the reset form with a valid email shows a confirmation or success message" classname="auth\login.spec.js" time="13.707">
</testcase>
<testcase name="Forgot Password › TC-AUTH-15: back to login link is present on the reset password form" classname="auth\login.spec.js" time="13.66">
</testcase>
<testcase name="Social Login › TC-AUTH-16: Google or OAuth social login button is visible on login page" classname="auth\login.spec.js" time="6.96">
</testcase>
<testcase name="Social Login › TC-AUTH-17: Facebook or additional OAuth button is visible on login page" classname="auth\login.spec.js" time="19.041">
</testcase>
<testcase name="Social Login › TC-AUTH-18: clicking a social login button initiates a redirect or opens a popup" classname="auth\login.spec.js" time="25.076">
</testcase>
<testcase name="Sign Up › TC-AUTH-19: sign up link or button is visible from the login page" classname="auth\login.spec.js" time="12.299">
</testcase>
<testcase name="Sign Up › TC-AUTH-20: clicking sign up navigates to or opens a signup form" classname="auth\login.spec.js" time="21.201">
</testcase>
<testcase name="Sign Up › TC-AUTH-21: signup form has a name field" classname="auth\login.spec.js" time="17.566">
</testcase>
<testcase name="Sign Up › TC-AUTH-22: signup form has an email field" classname="auth\login.spec.js" time="4.729">
</testcase>
<testcase name="Sign Up › TC-AUTH-23: signup form has a password field" classname="auth\login.spec.js" time="25.602">
</testcase>
<testcase name="Sign Up › TC-AUTH-24: signup form shows a password strength indicator when typing" classname="auth\login.spec.js" time="21.536">
</testcase>
<testcase name="Sign Up › TC-AUTH-25: submitting the signup form creates an account or shows a confirmation" classname="auth\login.spec.js" time="20.373">
</testcase>
<testcase name="Security › TC-AUTH-26: multiple wrong password attempts show a lockout message or CAPTCHA" classname="auth\login.spec.js" time="60.724">
<system-out>
<![CDATA[
[[ATTACHMENT|2026-06-12_17-43-09\artifacts\auth-login-Security-TC-AUT-cb0ca--lockout-message-or-CAPTCHA-chromium\test-failed-1.png]]

[[ATTACHMENT|2026-06-12_17-43-09\artifacts\auth-login-Security-TC-AUT-cb0ca--lockout-message-or-CAPTCHA-chromium\video.webm]]

[[ATTACHMENT|2026-06-12_17-43-09\artifacts\auth-login-Security-TC-AUT-cb0ca--lockout-message-or-CAPTCHA-chromium\error-context.md]]
]]>
</system-out>
<error message="Test timeout of 60000ms exceeded." type="Error">
<![CDATA[  [chromium] › auth\login.spec.js:320:7 › Security › TC-AUTH-26: multiple wrong password attempts show a lockout message or CAPTCHA 

    Test timeout of 60000ms exceeded.

    Error: page.waitForTimeout: Target page, context or browser has been closed

      323 |     for (let i = 0; i < 3; i++) {
      324 |       await loginPage.login(EMAIL, 'WrongPass_99' + i);
    > 325 |       await page.waitForTimeout(800);
          |                  ^
      326 |       await loginPage.goto();
      327 |     }
      328 |     await loginPage.login(EMAIL, 'WrongPass_99x');
        at C:\claude-folder\webapp-testing\omre-webapp\tests\auth\login.spec.js:325:18

    attachment #1: screenshot (image/png) ──────────────────────────────────────────────────────────
    ..\test-results\2026-06-12_17-43-09\artifacts\auth-login-Security-TC-AUT-cb0ca--lockout-message-or-CAPTCHA-chromium\test-failed-1.png
    ────────────────────────────────────────────────────────────────────────────────────────────────

    attachment #2: video (video/webm) ──────────────────────────────────────────────────────────────
    ..\test-results\2026-06-12_17-43-09\artifacts\auth-login-Security-TC-AUT-cb0ca--lockout-message-or-CAPTCHA-chromium\video.webm
    ────────────────────────────────────────────────────────────────────────────────────────────────

    Error Context: ..\test-results\2026-06-12_17-43-09\artifacts\auth-login-Security-TC-AUT-cb0ca--lockout-message-or-CAPTCHA-chromium\error-context.md
]]>
</error>
</testcase>
<testcase name="Security › TC-AUTH-27: remember me checkbox is present on the login form" classname="auth\login.spec.js" time="13.631">
</testcase>
<testcase name="Security › TC-AUTH-28: remember me checkbox can be toggled on and off" classname="auth\login.spec.js" time="17.002">
</testcase>
</testsuite>
<testsuite name="channel\my-channel.spec.js" timestamp="2026-06-12T12:06:31.534Z" hostname="chromium" tests="40" failures="0" skipped="6" time="199.801" errors="0">
<testcase name="TC-CHANNEL: Page Load and Layout › TC-CHANNEL-01: channel page loads at correct URL" classname="channel\my-channel.spec.js" time="3.46">
</testcase>
<testcase name="TC-CHANNEL: Page Load and Layout › TC-CHANNEL-02: main content area is visible" classname="channel\my-channel.spec.js" time="2.84">
</testcase>
<testcase name="TC-CHANNEL: Page Load and Layout › TC-CHANNEL-03: page has a channel heading or title" classname="channel\my-channel.spec.js" time="7.513">
</testcase>
<testcase name="TC-CHANNEL: Channel Branding › TC-CHANNEL-04: channel banner or cover image area is present" classname="channel\my-channel.spec.js">
<properties>
<property name="skip" value="">
</property>
</properties>
<skipped>
</skipped>
</testcase>
<testcase name="TC-CHANNEL: Channel Branding › TC-CHANNEL-05: channel avatar or profile picture is visible" classname="channel\my-channel.spec.js">
<properties>
<property name="skip" value="">
</property>
</properties>
<skipped>
</skipped>
</testcase>
<testcase name="TC-CHANNEL: Channel Branding › TC-CHANNEL-06: channel name is displayed" classname="channel\my-channel.spec.js" time="3.806">
</testcase>
<testcase name="TC-CHANNEL: Channel Branding › TC-CHANNEL-07: subscriber or follower count is visible" classname="channel\my-channel.spec.js">
<properties>
<property name="skip" value="">
</property>
</properties>
<skipped>
</skipped>
</testcase>
<testcase name="TC-CHANNEL: Video Content Grid › TC-CHANNEL-08: video or content grid renders" classname="channel\my-channel.spec.js" time="4.428">
</testcase>
<testcase name="TC-CHANNEL: Video Content Grid › TC-CHANNEL-09: video card shows a thumbnail image" classname="channel\my-channel.spec.js" time="4.339">
</testcase>
<testcase name="TC-CHANNEL: Video Content Grid › TC-CHANNEL-10: video card shows a title" classname="channel\my-channel.spec.js" time="4.292">
</testcase>
<testcase name="TC-CHANNEL: Video Content Grid › TC-CHANNEL-11: video card shows view count or duration" classname="channel\my-channel.spec.js" time="9.782">
</testcase>
<testcase name="TC-CHANNEL: Upload Video › TC-CHANNEL-12: upload video button is visible" classname="channel\my-channel.spec.js">
<properties>
<property name="skip" value="">
</property>
</properties>
<skipped>
</skipped>
</testcase>
<testcase name="TC-CHANNEL: Upload Video › TC-CHANNEL-13: clicking upload button opens a form or modal" classname="channel\my-channel.spec.js" time="11.293">
</testcase>
<testcase name="TC-CHANNEL: Upload Video › TC-CHANNEL-14: upload modal contains a file input or drag-drop area" classname="channel\my-channel.spec.js" time="3.815">
</testcase>
<testcase name="TC-CHANNEL: Video Detail › TC-CHANNEL-15: clicking a video card navigates to video detail" classname="channel\my-channel.spec.js" time="3.378">
</testcase>
<testcase name="TC-CHANNEL: Video Detail › TC-CHANNEL-16: video detail page shows a video player" classname="channel\my-channel.spec.js" time="3.586">
</testcase>
<testcase name="TC-CHANNEL: Video Detail › TC-CHANNEL-17: video detail page shows title and description" classname="channel\my-channel.spec.js" time="3.458">
</testcase>
<testcase name="TC-CHANNEL: Video Detail › TC-CHANNEL-18: video detail page has like and comment controls" classname="channel\my-channel.spec.js" time="4.223">
</testcase>
<testcase name="TC-CHANNEL: Channel Tabs › TC-CHANNEL-19: About tab is present" classname="channel\my-channel.spec.js">
<properties>
<property name="skip" value="">
</property>
</properties>
<skipped>
</skipped>
</testcase>
<testcase name="TC-CHANNEL: Channel Tabs › TC-CHANNEL-20: clicking About tab shows description and links" classname="channel\my-channel.spec.js" time="10.062">
</testcase>
<testcase name="TC-CHANNEL: Channel Tabs › TC-CHANNEL-21: About tab shows join date or creation date" classname="channel\my-channel.spec.js" time="3.407">
</testcase>
<testcase name="TC-CHANNEL: Channel Tabs › TC-CHANNEL-22: Subscribe or Follow button is present" classname="channel\my-channel.spec.js">
<properties>
<property name="skip" value="">
</property>
</properties>
<skipped>
</skipped>
</testcase>
<testcase name="TC-CHANNEL: Edit Channel › TC-CHANNEL-23: edit channel button is visible for own channel" classname="channel\my-channel.spec.js" time="3.322">
</testcase>
<testcase name="TC-CHANNEL: Edit Channel › TC-CHANNEL-24: edit channel opens a customization form or modal" classname="channel\my-channel.spec.js" time="3.723">
</testcase>
<testcase name="TC-CHANNEL: Edit Channel › TC-CHANNEL-25: customization form has description or name field" classname="channel\my-channel.spec.js" time="2.939">
</testcase>
<testcase name="TC-CHANNEL: Sort and Search Controls › TC-CHANNEL-26: sort dropdown or sort buttons are present" classname="channel\my-channel.spec.js" time="6.39">
</testcase>
<testcase name="TC-CHANNEL: Sort and Search Controls › TC-CHANNEL-27: sort by Newest option exists" classname="channel\my-channel.spec.js" time="4.431">
</testcase>
<testcase name="TC-CHANNEL: Sort and Search Controls › TC-CHANNEL-28: search within channel input is present" classname="channel\my-channel.spec.js" time="3.274">
</testcase>
<testcase name="TC-CHANNEL: Analytics › TC-CHANNEL-29: analytics tab or link is present on the channel page" classname="channel\my-channel.spec.js" time="3.545">
</testcase>
<testcase name="TC-CHANNEL: Analytics › TC-CHANNEL-30: views and watch-time stats are shown in analytics" classname="channel\my-channel.spec.js" time="6.552">
</testcase>
<testcase name="TC-CHANNEL: Analytics › TC-CHANNEL-31: subscriber growth chart or graph is present in analytics" classname="channel\my-channel.spec.js" time="3.361">
</testcase>
<testcase name="TC-CHANNEL: Playlists › TC-CHANNEL-32: playlists tab is present on the channel page" classname="channel\my-channel.spec.js" time="3.104">
</testcase>
<testcase name="TC-CHANNEL: Playlists › TC-CHANNEL-33: create playlist button is present in the playlists section" classname="channel\my-channel.spec.js" time="5.893">
</testcase>
<testcase name="TC-CHANNEL: Playlists › TC-CHANNEL-34: playlist card shows title and video count" classname="channel\my-channel.spec.js" time="3.747">
</testcase>
<testcase name="TC-CHANNEL: Playlists › TC-CHANNEL-35: add video to playlist option is accessible from a video card" classname="channel\my-channel.spec.js" time="2.973">
</testcase>
<testcase name="TC-CHANNEL: Community Posts › TC-CHANNEL-36: community tab is present on the channel page" classname="channel\my-channel.spec.js" time="4.047">
</testcase>
<testcase name="TC-CHANNEL: Community Posts › TC-CHANNEL-37: create community post composer is present in the community tab" classname="channel\my-channel.spec.js" time="3.355">
</testcase>
<testcase name="TC-CHANNEL: Community Posts › TC-CHANNEL-38: community post renders in the community tab" classname="channel\my-channel.spec.js" time="3.778">
</testcase>
<testcase name="TC-CHANNEL: Monetization › TC-CHANNEL-39: monetization section is accessible from channel settings" classname="channel\my-channel.spec.js" time="3.103">
</testcase>
<testcase name="TC-CHANNEL: Monetization › TC-CHANNEL-40: enable monetization button or status is shown in the monetization section" classname="channel\my-channel.spec.js" time="3.5">
</testcase>
</testsuite>
<testsuite name="channel\subscriptions.spec.js" timestamp="2026-06-12T12:06:31.534Z" hostname="chromium" tests="20" failures="0" skipped="2" time="71.474" errors="0">
<testcase name="TC-SUBS: Page Load and Layout › TC-SUBS-01: subscriptions page loads at correct URL" classname="channel\subscriptions.spec.js" time="2.75">
</testcase>
<testcase name="TC-SUBS: Page Load and Layout › TC-SUBS-02: main content area is visible" classname="channel\subscriptions.spec.js" time="2.854">
</testcase>
<testcase name="TC-SUBS: Page Load and Layout › TC-SUBS-03: subscriptions heading is visible" classname="channel\subscriptions.spec.js" time="2.901">
</testcase>
<testcase name="TC-SUBS: Subscriptions List › TC-SUBS-04: subscriptions list or empty state renders" classname="channel\subscriptions.spec.js" time="4.793">
</testcase>
<testcase name="TC-SUBS: Subscriptions List › TC-SUBS-05: subscription card shows channel name" classname="channel\subscriptions.spec.js" time="3.148">
</testcase>
<testcase name="TC-SUBS: Subscriptions List › TC-SUBS-06: subscription card shows channel avatar" classname="channel\subscriptions.spec.js" time="3.343">
</testcase>
<testcase name="TC-SUBS: Subscriptions List › TC-SUBS-07: subscription card shows latest content or last activity" classname="channel\subscriptions.spec.js" time="2.955">
</testcase>
<testcase name="TC-SUBS: Empty State › TC-SUBS-08: empty state message is meaningful when no subscriptions" classname="channel\subscriptions.spec.js">
<properties>
<property name="skip" value="">
</property>
</properties>
<skipped>
</skipped>
</testcase>
<testcase name="TC-SUBS: Unsubscribe Flow › TC-SUBS-09: unsubscribe button is present on subscription cards" classname="channel\subscriptions.spec.js" time="6.066">
</testcase>
<testcase name="TC-SUBS: Unsubscribe Flow › TC-SUBS-10: unsubscribe shows confirmation or removes channel" classname="channel\subscriptions.spec.js" time="3.11">
</testcase>
<testcase name="TC-SUBS: Notification Bell › TC-SUBS-11: notification bell icon appears per subscription" classname="channel\subscriptions.spec.js" time="3.468">
</testcase>
<testcase name="TC-SUBS: Notification Bell › TC-SUBS-12: clicking notification bell opens notification options" classname="channel\subscriptions.spec.js" time="3.193">
</testcase>
<testcase name="TC-SUBS: Notification Bell › TC-SUBS-13: notification options include All, Personalized, or None" classname="channel\subscriptions.spec.js" time="3.806">
</testcase>
<testcase name="TC-SUBS: Feed and Sort Controls › TC-SUBS-14: latest uploads from subscriptions feed renders" classname="channel\subscriptions.spec.js" time="4.38">
</testcase>
<testcase name="TC-SUBS: Feed and Sort Controls › TC-SUBS-15: sort control is present" classname="channel\subscriptions.spec.js" time="2.848">
</testcase>
<testcase name="TC-SUBS: Feed and Sort Controls › TC-SUBS-16: sort by Recently Added option is available" classname="channel\subscriptions.spec.js" time="3.127">
</testcase>
<testcase name="TC-SUBS: Search and Discover › TC-SUBS-17: search subscribed channels input is present" classname="channel\subscriptions.spec.js" time="2.713">
</testcase>
<testcase name="TC-SUBS: Search and Discover › TC-SUBS-18: typing in search filters the subscriptions list" classname="channel\subscriptions.spec.js" time="3.244">
</testcase>
<testcase name="TC-SUBS: Search and Discover › TC-SUBS-19: clear search restores full subscription list" classname="channel\subscriptions.spec.js" time="3.156">
</testcase>
<testcase name="TC-SUBS: Search and Discover › TC-SUBS-20: discover or subscribe to more CTA is present" classname="channel\subscriptions.spec.js">
<properties>
<property name="skip" value="">
</property>
</properties>
<skipped>
</skipped>
</testcase>
</testsuite>
<testsuite name="content\birthday.spec.js" timestamp="2026-06-12T12:06:31.534Z" hostname="chromium" tests="20" failures="0" skipped="0" time="242.139" errors="0">
<testcase name="TC-BIRTHDAY: Page Load and Layout › TC-BIRTHDAY-01: birthday page loads at correct URL" classname="content\birthday.spec.js" time="9.759">
</testcase>
<testcase name="TC-BIRTHDAY: Page Load and Layout › TC-BIRTHDAY-02: main content area is visible" classname="content\birthday.spec.js" time="8.928">
</testcase>
<testcase name="TC-BIRTHDAY: Page Load and Layout › TC-BIRTHDAY-03: birthday heading is visible" classname="content\birthday.spec.js" time="9.386">
</testcase>
<testcase name="TC-BIRTHDAY: Birthday Reminders List › TC-BIRTHDAY-04: birthday list or empty state renders" classname="content\birthday.spec.js" time="8.956">
</testcase>
<testcase name="TC-BIRTHDAY: Birthday Reminders List › TC-BIRTHDAY-05: birthday card shows friend name" classname="content\birthday.spec.js" time="7.58">
</testcase>
<testcase name="TC-BIRTHDAY: Birthday Reminders List › TC-BIRTHDAY-06: birthday card shows avatar or profile image" classname="content\birthday.spec.js" time="6.926">
</testcase>
<testcase name="TC-BIRTHDAY: Birthday Reminders List › TC-BIRTHDAY-07: birthday card shows birthday date" classname="content\birthday.spec.js" time="6.266">
</testcase>
<testcase name="TC-BIRTHDAY: Send Wish Flow › TC-BIRTHDAY-08: send wish or celebrate button is present on cards" classname="content\birthday.spec.js" time="11.872">
</testcase>
<testcase name="TC-BIRTHDAY: Send Wish Flow › TC-BIRTHDAY-09: clicking send wish opens message or post composer" classname="content\birthday.spec.js" time="7.816">
</testcase>
<testcase name="TC-BIRTHDAY: Send Wish Flow › TC-BIRTHDAY-10: composer is pre-filled with a birthday message" classname="content\birthday.spec.js" time="20.408">
</testcase>
<testcase name="TC-BIRTHDAY: Send Wish Flow › TC-BIRTHDAY-11: pre-filled message can be edited" classname="content\birthday.spec.js" time="6.605">
</testcase>
<testcase name="TC-BIRTHDAY: Send Wish Flow › TC-BIRTHDAY-12: birthday wish send button is present in composer" classname="content\birthday.spec.js" time="19.834">
</testcase>
<testcase name="TC-BIRTHDAY: Birthday Sections › TC-BIRTHDAY-13: today birthdays section is present or highlighted" classname="content\birthday.spec.js" time="13.167">
</testcase>
<testcase name="TC-BIRTHDAY: Birthday Sections › TC-BIRTHDAY-14: upcoming birthdays section is present" classname="content\birthday.spec.js" time="5.838">
</testcase>
<testcase name="TC-BIRTHDAY: Birthday Sections › TC-BIRTHDAY-15: past or this-week birthdays section is present" classname="content\birthday.spec.js" time="5.489">
</testcase>
<testcase name="TC-BIRTHDAY: Birthday Sections › TC-BIRTHDAY-16: birthday count badge or summary is shown" classname="content\birthday.spec.js" time="18.721">
</testcase>
<testcase name="TC-BIRTHDAY: Sorting and Empty State › TC-BIRTHDAY-17: birthday cards are ordered by date proximity" classname="content\birthday.spec.js" time="18.941">
</testcase>
<testcase name="TC-BIRTHDAY: Sorting and Empty State › TC-BIRTHDAY-18: empty state renders when no friend birthdays exist" classname="content\birthday.spec.js" time="26.683">
</testcase>
<testcase name="TC-BIRTHDAY: Sorting and Empty State › TC-BIRTHDAY-19: empty state has a meaningful prompt or action" classname="content\birthday.spec.js" time="20.931">
</testcase>
<testcase name="TC-BIRTHDAY: Sorting and Empty State › TC-BIRTHDAY-20: page does not show unhandled error state" classname="content\birthday.spec.js" time="8.033">
</testcase>
</testsuite>
<testsuite name="content\images.spec.js" timestamp="2026-06-12T12:06:31.534Z" hostname="chromium" tests="40" failures="1" skipped="1" time="729.855" errors="0">
<testcase name="TC-IMAGES: Page Load and Layout › TC-IMAGES-01: page loads at the correct URL" classname="content\images.spec.js" time="19.112">
</testcase>
<testcase name="TC-IMAGES: Page Load and Layout › TC-IMAGES-02: images / gallery heading is visible" classname="content\images.spec.js" time="6.295">
</testcase>
<testcase name="TC-IMAGES: Page Load and Layout › TC-IMAGES-03: main landmark is present and non-empty" classname="content\images.spec.js" time="19.24">
</testcase>
<testcase name="TC-IMAGES: Page Load and Layout › TC-IMAGES-04: image count indicator is displayed" classname="content\images.spec.js" time="19.195">
</testcase>
<testcase name="TC-IMAGES: Gallery Grid › TC-IMAGES-05: image gallery grid renders" classname="content\images.spec.js" time="13.564">
<system-out>
<![CDATA[
[[ATTACHMENT|2026-06-12_17-41-30\artifacts\content-images-TC-IMAGES-G-b88aa--image-gallery-grid-renders-chromium\test-failed-1.png]]

[[ATTACHMENT|2026-06-12_17-41-30\artifacts\content-images-TC-IMAGES-G-b88aa--image-gallery-grid-renders-chromium\video.webm]]

[[ATTACHMENT|2026-06-12_17-41-30\artifacts\content-images-TC-IMAGES-G-b88aa--image-gallery-grid-renders-chromium\error-context.md]]
]]>
</system-out>
<failure message="expect(received).toBeTruthy()" type="expect.toBeTruthy">
<![CDATA[  [chromium] › content\images.spec.js:50:7 › TC-IMAGES: Gallery Grid › TC-IMAGES-05: image gallery grid renders 

    Error: expect(received).toBeTruthy()

    Received: false

      53 |     const hasImages = await img.isVisible({ timeout: 10000 }).catch(() => false);
      54 |     const isEmpty = await emptyState.isVisible({ timeout: 3000 }).catch(() => false);
    > 55 |     expect(hasImages || isEmpty).toBeTruthy();
         |                                  ^
      56 |   });
      57 |
      58 |   test('TC-IMAGES-06: empty state message is shown when no images exist', async ({ page }) => {
        at C:\claude-folder\webapp-testing\omre-webapp\tests\content\images.spec.js:55:34

    attachment #1: screenshot (image/png) ──────────────────────────────────────────────────────────
    ..\test-results\2026-06-12_17-41-30\artifacts\content-images-TC-IMAGES-G-b88aa--image-gallery-grid-renders-chromium\test-failed-1.png
    ────────────────────────────────────────────────────────────────────────────────────────────────

    attachment #2: video (video/webm) ──────────────────────────────────────────────────────────────
    ..\test-results\2026-06-12_17-41-30\artifacts\content-images-TC-IMAGES-G-b88aa--image-gallery-grid-renders-chromium\video.webm
    ────────────────────────────────────────────────────────────────────────────────────────────────

    Error Context: ..\test-results\2026-06-12_17-41-30\artifacts\content-images-TC-IMAGES-G-b88aa--image-gallery-grid-renders-chromium\error-context.md
]]>
</failure>
</testcase>
<testcase name="TC-IMAGES: Gallery Grid › TC-IMAGES-06: empty state message is shown when no images exist" classname="content\images.spec.js">
<properties>
<property name="skip" value="">
</property>
</properties>
<skipped>
</skipped>
</testcase>
<testcase name="TC-IMAGES: Gallery Grid › TC-IMAGES-07: gallery contains multiple thumbnail images" classname="content\images.spec.js" time="22.132">
</testcase>
<testcase name="TC-IMAGES: Upload › TC-IMAGES-08: upload button is visible" classname="content\images.spec.js" time="21.447">
</testcase>
<testcase name="TC-IMAGES: Upload › TC-IMAGES-09: file input element exists in the DOM (may be hidden)" classname="content\images.spec.js" time="4.389">
</testcase>
<testcase name="TC-IMAGES: Upload › TC-IMAGES-10: upload button is enabled" classname="content\images.spec.js" time="4.291">
</testcase>
<testcase name="TC-IMAGES: Lightbox / Full-Size View › TC-IMAGES-11: clicking a thumbnail opens the lightbox or full view" classname="content\images.spec.js" time="19.1">
</testcase>
<testcase name="TC-IMAGES: Lightbox / Full-Size View › TC-IMAGES-12: lightbox shows a full-size image" classname="content\images.spec.js" time="5.974">
</testcase>
<testcase name="TC-IMAGES: Lightbox / Full-Size View › TC-IMAGES-13: lightbox has a close button" classname="content\images.spec.js" time="18.515">
</testcase>
<testcase name="TC-IMAGES: Lightbox / Full-Size View › TC-IMAGES-14: lightbox close button dismisses the lightbox" classname="content\images.spec.js" time="18.976">
</testcase>
<testcase name="TC-IMAGES: Lightbox / Full-Size View › TC-IMAGES-15: lightbox has next and previous navigation arrows" classname="content\images.spec.js" time="18.742">
</testcase>
<testcase name="TC-IMAGES: Delete Image › TC-IMAGES-16: delete or options menu is accessible on an image" classname="content\images.spec.js" time="19.95">
</testcase>
<testcase name="TC-IMAGES: Delete Image › TC-IMAGES-17: delete option appears in the image context menu" classname="content\images.spec.js" time="18.663">
</testcase>
<testcase name="TC-IMAGES: Delete Image › TC-IMAGES-18: delete action shows a confirmation dialog" classname="content\images.spec.js" time="20.551">
</testcase>
<testcase name="TC-IMAGES: Metadata, Albums, Download and Share › TC-IMAGES-19: image metadata (date, size, or album) is shown" classname="content\images.spec.js" time="19.86">
</testcase>
<testcase name="TC-IMAGES: Metadata, Albums, Download and Share › TC-IMAGES-20: albums section is present when available" classname="content\images.spec.js" time="20.135">
</testcase>
<testcase name="TC-IMAGES: Metadata, Albums, Download and Share › TC-IMAGES-21: create album button is accessible" classname="content\images.spec.js" time="18.853">
</testcase>
[...]

    Error: expect(locator).toBeVisible() failed

    Locator: locator('h1, h2').filter({ hasText: /notifications?/i }).first()
    Expected: visible
    Timeout: 8000ms
    Error: element(s) not found

    Call log:
      - Expect "toBeVisible" with timeout 8000ms
      - waiting for locator('h1, h2').filter({ hasText: /notifications?/i }).first()


      30 |   test('TC-NOTIF-02: notifications heading is visible', async ({ page }) => {
      31 |     const heading = page.locator('h1, h2').filter({ hasText: /notifications?/i }).first();
    > 32 |     await expect(heading).toBeVisible({ timeout: 8000 });
         |                           ^
      33 |   });
      34 |
      35 |   test('TC-NOTIF-03: notification list or empty state renders', async ({ page }) => {
        at C:\claude-folder\webapp-testing\omre-webapp\tests\social\notifications.spec.js:32:27

    attachment #1: screenshot (image/png) ──────────────────────────────────────────────────────────
    ..\test-results\2026-06-12_19-21-15\artifacts\social-notifications-Page--5f223-ications-heading-is-visible-chromium\test-failed-1.png
    ────────────────────────────────────────────────────────────────────────────────────────────────

    attachment #2: video (video/webm) ──────────────────────────────────────────────────────────────
    ..\test-results\2026-06-12_19-21-15\artifacts\social-notifications-Page--5f223-ications-heading-is-visible-chromium\video.webm
    ────────────────────────────────────────────────────────────────────────────────────────────────

    Error Context: ..\test-results\2026-06-12_19-21-15\artifacts\social-notifications-Page--5f223-ications-heading-is-visible-chromium\error-context.md
]]>
</failure>
</testcase>
<testcase name="Page Load and Layout › TC-NOTIF-03: notification list or empty state renders" classname="social\notifications.spec.js" time="20.076">
</testcase>
<testcase name="Page Load and Layout › TC-NOTIF-04: page does not have uncaught JS errors on load" classname="social\notifications.spec.js" time="21">
</testcase>
<testcase name="Notification List and Items › TC-NOTIF-05: notification items or empty state is shown" classname="social\notifications.spec.js" time="18.773">
</testcase>
<testcase name="Notification List and Items › TC-NOTIF-06: each notification shows the actor avatar" classname="social\notifications.spec.js" time="5.997">
</testcase>
<testcase name="Notification List and Items › TC-NOTIF-07: each notification shows action text" classname="social\notifications.spec.js" time="7.795">
</testcase>
<testcase name="Notification List and Items › TC-NOTIF-08: each notification shows a timestamp" classname="social\notifications.spec.js" time="23.161">
</testcase>
<testcase name="Notification List and Items › TC-NOTIF-09: unread notifications are visually distinct from read ones" classname="social\notifications.spec.js" time="6.324">
</testcase>
<testcase name="Notification List and Items › TC-NOTIF-10: notification items contain a post thumbnail or preview when relevant" classname="social\notifications.spec.js" time="17.831">
</testcase>
<testcase name="Filter Tabs › TC-NOTIF-11: filter tabs are present on the notifications page" classname="social\notifications.spec.js" time="16.871">
</testcase>
<testcase name="Filter Tabs › TC-NOTIF-12: All tab is present and active by default" classname="social\notifications.spec.js" time="11.466">
</testcase>
<testcase name="Filter Tabs › TC-NOTIF-13: clicking a filter tab changes the displayed notifications" classname="social\notifications.spec.js" time="18.485">
</testcase>
<testcase name="Filter Tabs › TC-NOTIF-14: active tab is visually selected" classname="social\notifications.spec.js" time="18.769">
</testcase>
<testcase name="Filter Tabs › TC-NOTIF-15: switching back to All tab restores full list" classname="social\notifications.spec.js" time="18.918">
</testcase>
<testcase name="Mark as Read › TC-NOTIF-16: Mark all as read button is present when notifications exist" classname="social\notifications.spec.js" time="17.242">
</testcase>
<testcase name="Mark as Read › TC-NOTIF-17: Mark all as read button is clickable" classname="social\notifications.spec.js" time="20.116">
</testcase>
<testcase name="Mark as Read › TC-NOTIF-18: clicking an individual notification marks it as read" classname="social\notifications.spec.js" time="20.455">
</testcase>
<testcase name="Mark as Read › TC-NOTIF-19: notification settings or preferences link is accessible" classname="social\notifications.spec.js" time="20.379">
</testcase>
<testcase name="Notification Navigation › TC-NOTIF-20: clicking a like notification navigates to the related post" classname="social\notifications.spec.js" time="20.007">
</testcase>
<testcase name="Notification Navigation › TC-NOTIF-21: clicking a comment notification navigates to the related post" classname="social\notifications.spec.js" time="20.924">
</testcase>
<testcase name="Notification Navigation › TC-NOTIF-22: clicking a follow notification navigates to that user profile" classname="social\notifications.spec.js" time="21.391">
</testcase>
<testcase name="Notification Navigation › TC-NOTIF-23: actor name in notification is a clickable profile link" classname="social\notifications.spec.js" time="20.809">
</testcase>
<testcase name="Friend Requests in Notifications › TC-NOTIF-24: friend request notifications show Accept and Decline buttons" classname="social\notifications.spec.js" time="20.662">
</testcase>
<testcase name="Friend Requests in Notifications › TC-NOTIF-25: accepting a friend request updates the notification state" classname="social\notifications.spec.js" time="22.032">
</testcase>
<testcase name="Friend Requests in Notifications › TC-NOTIF-26: declining a friend request removes it from the list" classname="social\notifications.spec.js" time="19.992">
</testcase>
<testcase name="Unread Badge on Navigation › TC-NOTIF-27: bell icon in home nav reflects unread notification count" classname="social\notifications.spec.js" time="20.935">
</testcase>
<testcase name="Unread Badge on Navigation › TC-NOTIF-28: navigating to notifications from the bell icon works" classname="social\notifications.spec.js" time="26.943">
<system-out>
<![CDATA[
[[ATTACHMENT|2026-06-12_19-19-37\artifacts\social-notifications-Unrea-331ec-ns-from-the-bell-icon-works-chromium\test-failed-1.png]]

[[ATTACHMENT|2026-06-12_19-19-37\artifacts\social-notifications-Unrea-331ec-ns-from-the-bell-icon-works-chromium\video.webm]]

[[ATTACHMENT|2026-06-12_19-19-37\artifacts\social-notifications-Unrea-331ec-ns-from-the-bell-icon-works-chromium\error-context.md]]
]]>
</system-out>
<error message="page.waitForURL: Timeout 10000ms exceeded." type="TimeoutError">
<![CDATA[  [chromium] › social\notifications.spec.js:328:7 › Unread Badge on Navigation › TC-NOTIF-28: navigating to notifications from the bell icon works 

    TimeoutError: page.waitForURL: Timeout 10000ms exceeded.
    =========================== logs ===========================
    waiting for navigation until "load"
      navigated to "https://app.omre.ai/app/notifications"
    ============================================================

      332 |     await expect(bellLink).toBeVisible({ timeout: 8000 });
      333 |     await bellLink.click();
    > 334 |     await page.waitForURL(/\/app\/notifications/, { timeout: 10000 });
          |                ^
      335 |     await expect(page).toHaveURL(/\/app\/notifications/);
      336 |   });
      337 | });
        at C:\claude-folder\webapp-testing\omre-webapp\tests\social\notifications.spec.js:334:16

    attachment #1: screenshot (image/png) ──────────────────────────────────────────────────────────
    ..\test-results\2026-06-12_19-19-37\artifacts\social-notifications-Unrea-331ec-ns-from-the-bell-icon-works-chromium\test-failed-1.png
    ────────────────────────────────────────────────────────────────────────────────────────────────

    attachment #2: video (video/webm) ──────────────────────────────────────────────────────────────
    ..\test-results\2026-06-12_19-19-37\artifacts\social-notifications-Unrea-331ec-ns-from-the-bell-icon-works-chromium\video.webm
    ────────────────────────────────────────────────────────────────────────────────────────────────

    Error Context: ..\test-results\2026-06-12_19-19-37\artifacts\social-notifications-Unrea-331ec-ns-from-the-bell-icon-works-chromium\error-context.md
]]>
</error>
</testcase>
<testcase name="Notification Management › TC-NOTIF-29: individual notification has a dismiss or delete option" classname="social\notifications.spec.js" time="20.283">
</testcase>
<testcase name="Notification Management › TC-NOTIF-30: load more or pagination works for older notifications" classname="social\notifications.spec.js" time="22.088">
</testcase>
<testcase name="Notification Management › TC-NOTIF-31: empty state is shown when no notifications exist" classname="social\notifications.spec.js" time="18.188">
</testcase>
<testcase name="Notification Management › TC-NOTIF-32: notification page reload preserves filter state" classname="social\notifications.spec.js" time="7.76">
</testcase>
</testsuite>
<testsuite name="social\pages.spec.js" timestamp="2026-06-12T12:06:31.534Z" hostname="chromium" tests="30" failures="0" skipped="3" time="587.883" errors="0">
<testcase name="Page Load and Layout › TC-PAGES-01: pages module loads at the correct URL" classname="social\pages.spec.js" time="21.157">
</testcase>
<testcase name="Page Load and Layout › TC-PAGES-02: Pages heading is visible" classname="social\pages.spec.js" time="5.486">
</testcase>
<testcase name="Page Load and Layout › TC-PAGES-03: main content area renders with child elements" classname="social\pages.spec.js" time="20.16">
</testcase>
<testcase name="Page Load and Layout › TC-PAGES-04: page does not produce uncaught JS errors on load" classname="social\pages.spec.js" time="29.229">
</testcase>
<testcase name="Pages List and Empty State › TC-PAGES-05: pages list or empty state renders" classname="social\pages.spec.js">
<properties>
<property name="skip" value="">
</property>
</properties>
<skipped>
</skipped>
</testcase>
<testcase name="Pages List and Empty State › TC-PAGES-06: empty state is displayed when user has no pages" classname="social\pages.spec.js">
<properties>
<property name="skip" value="">
</property>
</properties>
<skipped>
</skipped>
</testcase>
<testcase name="Pages List and Empty State › TC-PAGES-07: page cards show the page name" classname="social\pages.spec.js" time="21.428">
</testcase>
<testcase name="Pages List and Empty State › TC-PAGES-08: page cards show follower count or like count" classname="social\pages.spec.js" time="21.388">
</testcase>
<testcase name="Pages List and Empty State › TC-PAGES-09: page cards show a category or page type label" classname="social\pages.spec.js" time="21.625">
</testcase>
<testcase name="Create Page › TC-PAGES-10: Create Page button is visible" classname="social\pages.spec.js" time="20.095">
</testcase>
<testcase name="Create Page › TC-PAGES-11: clicking Create Page opens a modal or dialog" classname="social\pages.spec.js" time="23.73">
</testcase>
<testcase name="Create Page › TC-PAGES-12: Create Page modal has a page name input field" classname="social\pages.spec.js">
<properties>
<property name="skip" value="">
</property>
</properties>
<skipped>
</skipped>
</testcase>
<testcase name="Create Page › TC-PAGES-13: page name input accepts and retains typed text" classname="social\pages.spec.js" time="25.009">
</testcase>
<testcase name="Create Page › TC-PAGES-14: Create Page modal has a category or type selector" classname="social\pages.spec.js" time="24.008">
</testcase>
<testcase name="Create Page › TC-PAGES-15: category selector opens a dropdown with options" classname="social\pages.spec.js" time="19.984">
</testcase>
<testcase name="Create Page › TC-PAGES-16: Create Page modal has a description field" classname="social\pages.spec.js" time="20.1">
</testcase>
<testcase name="Create Page › TC-PAGES-17: Cancel button closes the Create Page modal without saving" classname="social\pages.spec.js" time="36.268">
</testcase>
<testcase name="Create Page › TC-PAGES-18: Escape key dismisses the Create Page modal" classname="social\pages.spec.js" time="35.36">
</testcase>
<testcase name="Create Page › TC-PAGES-19: submitting the Create Page form closes the dialog" classname="social\pages.spec.js" time="27.87">
</testcase>
<testcase name="Page Card Navigation › TC-PAGES-20: clicking a page card navigates to the page detail" classname="social\pages.spec.js" time="28.96">
</testcase>
<testcase name="Page Card Navigation › TC-PAGES-21: page card link href contains a page identifier" classname="social\pages.spec.js" time="10.862">
</testcase>
<testcase name="Page Detail › TC-PAGES-22: page detail shows the page name in a heading" classname="social\pages.spec.js" time="18.235">
</testcase>
<testcase name="Page Detail › TC-PAGES-23: page detail shows a cover photo area" classname="social\pages.spec.js" time="12.967">
</testcase>
<testcase name="Page Detail › TC-PAGES-24: page detail shows an about or description section" classname="social\pages.spec.js" time="12.158">
</testcase>
<testcase name="Page Detail › TC-PAGES-25: page detail shows action buttons (Like, Follow, or Share)" classname="social\pages.spec.js" time="10.485">
</testcase>
<testcase name="Page Detail › TC-PAGES-26: Follow or Like button toggles state when clicked" classname="social\pages.spec.js" time="10.318">
</testcase>
<testcase name="Page Detail › TC-PAGES-27: Edit page option is accessible on own pages" classname="social\pages.spec.js" time="10.655">
</testcase>
<testcase name="Page Detail › TC-PAGES-28: Share page option is accessible on the detail page" classname="social\pages.spec.js" time="26.45">
</testcase>
<testcase name="Category Filtering › TC-PAGES-29: filter tabs or category controls are present" classname="social\pages.spec.js" time="11.332">
</testcase>
<testcase name="Category Filtering › TC-PAGES-30: selecting a category filter updates the pages list" classname="social\pages.spec.js" time="10.76">
</testcase>
</testsuite>
<testsuite name="social\posts.spec.js" timestamp="2026-06-12T12:06:31.534Z" hostname="chromium" tests="35" failures="0" skipped="0" time="510.085" errors="0">
<testcase name="Post Card Layout › TC-POSTS-01: home feed loads at the correct URL" classname="social\posts.spec.js" time="21.821">
</testcase>
<testcase name="Post Card Layout › TC-POSTS-02: at least one post card renders in the feed" classname="social\posts.spec.js" time="17.808">
</testcase>
<testcase name="Post Card Layout › TC-POSTS-03: post card shows the author name" classname="social\posts.spec.js" time="12.159">
</testcase>
<testcase name="Post Card Layout › TC-POSTS-04: post card shows the author avatar image" classname="social\posts.spec.js" time="15.539">
</testcase>
<testcase name="Post Card Layout › TC-POSTS-05: post card shows a timestamp or relative time" classname="social\posts.spec.js" time="20.145">
</testcase>
<testcase name="Post Card Layout › TC-POSTS-06: post card shows engagement counts (likes and comments)" classname="social\posts.spec.js" time="20.282">
</testcase>
<testcase name="Post Action Buttons › TC-POSTS-07: post card has a Like action button" classname="social\posts.spec.js" time="16.928">
</testcase>
<testcase name="Post Action Buttons › TC-POSTS-08: post card has a Comment action button" classname="social\posts.spec.js" time="21.953">
</testcase>
<testcase name="Post Action Buttons › TC-POSTS-09: post card has a Share action button" classname="social\posts.spec.js" time="17.322">
</testcase>
<testcase name="Post Action Buttons › TC-POSTS-10: post card has a Bookmark or Save action button" classname="social\posts.spec.js" time="17.111">
</testcase>
<testcase name="Like Interaction › TC-POSTS-11: clicking Like toggles the liked state on the post" classname="social\posts.spec.js" time="16.178">
</testcase>
<testcase name="Like Interaction › TC-POSTS-12: like button aria-pressed or data-state updates after toggle" classname="social\posts.spec.js" time="17.069">
</testcase>
<testcase name="Like Interaction › TC-POSTS-13: like count updates after liking a post" classname="social\posts.spec.js" time="15.763">
</testcase>
<testcase name="Comment Interaction › TC-POSTS-14: clicking Comment button opens the comment section" classname="social\posts.spec.js" time="15.686">
</testcase>
<testcase name="Comment Interaction › TC-POSTS-15: comment section shows existing comments when present" classname="social\posts.spec.js" time="14.434">
</testcase>
<testcase name="Comment Interaction › TC-POSTS-16: comment input field is present in the comment section" classname="social\posts.spec.js" time="15.735">
</testcase>
<testcase name="Comment Interaction › TC-POSTS-17: typing in comment input accepts text input" classname="social\posts.spec.js" time="17.431">
</testcase>
<testcase name="Comment Interaction › TC-POSTS-18: submitting a comment adds it to the list" classname="social\posts.spec.js" time="16.935">
</testcase>
<testcase name="Share Interaction › TC-POSTS-19: clicking Share button opens share options" classname="social\posts.spec.js" time="13.66">
</testcase>
<testcase name="Share Interaction › TC-POSTS-20: share modal or menu has a Copy Link option" classname="social\posts.spec.js" time="6.031">
</testcase>
<testcase name="Share Interaction › TC-POSTS-21: share modal can be dismissed" classname="social\posts.spec.js" time="10.828">
</testcase>
<testcase name="Bookmark and Save › TC-POSTS-22: clicking Bookmark toggles saved state" classname="social\posts.spec.js" time="8.798">
</testcase>
<testcase name="Bookmark and Save › TC-POSTS-23: bookmarked post shows a different icon or state" classname="social\posts.spec.js" time="8.447">
</testcase>
<testcase name="Post Options Menu › TC-POSTS-24: post card has a 3-dot or more options button" classname="social\posts.spec.js" time="8.032">
</testcase>
<testcase name="Post Options Menu › TC-POSTS-25: clicking 3-dot menu opens options menu" classname="social\posts.spec.js" time="8.074">
</testcase>
<testcase name="Post Options Menu › TC-POSTS-26: options menu contains relevant actions (Edit, Delete, Report, or Hide)" classname="social\posts.spec.js" time="9.083">
</testcase>
<testcase name="Post Options Menu › TC-POSTS-27: Delete option on own post shows a confirmation dialog" classname="social\posts.spec.js" time="8.725">
</testcase>
<testcase name="Post Options Menu › TC-POSTS-28: Report option is present in the options menu" classname="social\posts.spec.js" time="27.001">
</testcase>
<testcase name="Post Media and Rich Content › TC-POSTS-29: post image is visible and has a valid src attribute" classname="social\posts.spec.js" time="21.346">
</testcase>
<testcase name="Post Media and Rich Content › TC-POSTS-30: clicking a post image opens a lightbox or detail view" classname="social\posts.spec.js" time="19.168">
</testcase>
<testcase name="Post Media and Rich Content › TC-POSTS-31: post with multiple images shows a carousel or multiple indicators" classname="social\posts.spec.js" time="18.845">
</testcase>
<testcase name="Post Media and Rich Content › TC-POSTS-32: hashtags in post text are rendered as clickable links" classname="social\posts.spec.js" time="8.806">
</testcase>
<testcase name="Post Media and Rich Content › TC-POSTS-33: mentions (@user) in post text are rendered as clickable links" classname="social\posts.spec.js" time="7.359">
</testcase>
<testcase name="Post Text Expansion and URL › TC-POSTS-34: &quot;See more&quot; expands truncated post body text" classname="social\posts.spec.js" time="8.311">
</testcase>
<testcase name="Post Text Expansion and URL › TC-POSTS-35: post links to a detail URL containing a post identifier" classname="social\posts.spec.js" time="7.272">
</testcase>
</testsuite>
</testsuites>