<testsuites id="" name="" tests="1" failures="0" skipped="0" errors="1" time="122.342638">
<testsuite name="discovery\setup-seller-profile.spec.js" timestamp="2026-06-16T11:58:31.909Z" hostname="chromium" tests="1" failures="0" skipped="0" time="120.321" errors="1">
<testcase name="create seller profile and explore what unlocks" classname="discovery\setup-seller-profile.spec.js" time="120.321">
<system-out>
<![CDATA[Total inputs found: [33m0[39m

[[ATTACHMENT|2026-06-16_17-28-32\artifacts\discovery-setup-seller-pro-520da-le-and-explore-what-unlocks-chromium\test-failed-1.png]]

[[ATTACHMENT|2026-06-16_17-28-32\artifacts\discovery-setup-seller-pro-520da-le-and-explore-what-unlocks-chromium\video.webm]]

[[ATTACHMENT|2026-06-16_17-28-32\artifacts\discovery-setup-seller-pro-520da-le-and-explore-what-unlocks-chromium\error-context.md]]
]]>
</system-out>
<error message="Test timeout of 120000ms exceeded." type="Error">
<![CDATA[  [chromium] › discovery\setup-seller-profile.spec.js:6:5 › create seller profile and explore what unlocks 

    Test timeout of 120000ms exceeded.

    Error: locator.click: Test timeout of 120000ms exceeded.
    Call log:
      - waiting for getByRole('button', { name: /create profile.*start selling/i })


      19 |   }
      20 |
    > 21 |   await page.getByRole('button', { name: /create profile.*start selling/i }).click();
         |                                                                              ^
      22 |   await page.waitForTimeout(3000);
      23 |
      24 |   console.log('\nAfter submit — URL:', page.url());
        at C:\claude-folder\webapp-testing\omre-app\web\tests\discovery\setup-seller-profile.spec.js:21:78

    attachment #1: screenshot (image/png) ──────────────────────────────────────────────────────────
    ..\test-results\2026-06-16_17-28-32\artifacts\discovery-setup-seller-pro-520da-le-and-explore-what-unlocks-chromium\test-failed-1.png
    ────────────────────────────────────────────────────────────────────────────────────────────────

    attachment #2: video (video/webm) ──────────────────────────────────────────────────────────────
    ..\test-results\2026-06-16_17-28-32\artifacts\discovery-setup-seller-pro-520da-le-and-explore-what-unlocks-chromium\video.webm
    ────────────────────────────────────────────────────────────────────────────────────────────────

    Error Context: ..\test-results\2026-06-16_17-28-32\artifacts\discovery-setup-seller-pro-520da-le-and-explore-what-unlocks-chromium\error-context.md
]]>
</error>
</testcase>
</testsuite>
</testsuites>