<testsuites id="" name="" tests="1" failures="0" skipped="0" errors="0" time="11.380285">
<testsuite name="discovery\setup-seller-profile.spec.js" timestamp="2026-06-16T11:57:56.748Z" hostname="chromium" tests="1" failures="0" skipped="0" time="9.766" errors="0">
<testcase name="create seller profile and explore what unlocks" classname="discovery\setup-seller-profile.spec.js" time="9.766">
<system-out>
<![CDATA[Total inputs found: [33m6[39m

After submit — URL: https://omre.ai/biz/business/dashboard/store-profile
Heading: Create Seller Profile

=== Digital Products page ===
Heading: Digital Products
 btn: SOCIAL
 btn: NEWS
 btn: VIDEO
 btn: CHAT
 btn: BIZ
 btn: LINK
 btn: LEARN
 btn: STUDIO
 btn: ORBIT
 btn: GAMES
 btn: MART
 btn: MEETINGS
 btn: WALLET
 btn: Toggle theme
 btn: Add Product
]]>
</system-out>
</testcase>
</testsuite>
</testsuites>