<testsuites id="" name="" tests="29" failures="0" skipped="0" errors="0" time="85.88074499999999">
<testsuite name="platform\biz.spec.js" timestamp="2026-06-16T11:43:22.191Z" hostname="chromium" tests="29" failures="0" skipped="0" time="322.76" errors="0">
<testcase name="TC-BIZ — Hub Landing › TC-BIZ-01: Given I am authenticated, When I navigate to /biz, Then the URL is correct" classname="platform\biz.spec.js" time="12.347">
</testcase>
<testcase name="TC-BIZ — Hub Landing › TC-BIZ-02: Given I am on the page, When I inspect it, Then the &quot;What would you like to do?&quot; heading is shown" classname="platform\biz.spec.js" time="12.082">
</testcase>
<testcase name="TC-BIZ — Hub Landing › TC-BIZ-03: Given I am on the hub, When I inspect the links, Then &quot;Browse Digital&quot; is visible and links to /biz/business/digital" classname="platform\biz.spec.js" time="12.144">
</testcase>
<testcase name="TC-BIZ — Hub Landing › TC-BIZ-04: Given I am on the hub, When I inspect the links, Then &quot;Browse Physical&quot; is visible and links to /biz/business/physical" classname="platform\biz.spec.js" time="12.355">
</testcase>
<testcase name="TC-BIZ — Hub Landing › TC-BIZ-05: Given I am on the hub, When I inspect the links, Then &quot;Seller Dashboard&quot; is visible and links to /biz/business/dashboard" classname="platform\biz.spec.js" time="13.527">
</testcase>
<testcase name="TC-BIZ — Hub Landing › TC-BIZ-06: Given I am on the hub, When I inspect the links, Then &quot;Website Builder&quot; is visible and links to /biz/website-builder" classname="platform\biz.spec.js" time="13.613">
</testcase>
<testcase name="TC-BIZ — Hub Landing › TC-BIZ-07: Given I am on the hub, When I inspect the links, Then &quot;Marketplace&quot; is visible and links to /app/marketplace" classname="platform\biz.spec.js" time="12.473">
</testcase>
<testcase name="TC-BIZ — Browse Digital / Physical › TC-BIZ-08: Given I am on the hub, When I click &quot;Browse Digital&quot;, Then I land on /biz/business/digital" classname="platform\biz.spec.js" time="14.428">
</testcase>
<testcase name="TC-BIZ — Browse Digital / Physical › TC-BIZ-09: Given I am on the hub, When I click &quot;Browse Physical&quot;, Then I land on /biz/business/physical" classname="platform\biz.spec.js" time="11.27">
</testcase>
<testcase name="TC-BIZ — Seller Dashboard › TC-BIZ-10: Given I have no store yet, When I open Seller Dashboard, Then I am routed to &quot;Create Seller Profile&quot;" classname="platform\biz.spec.js" time="13.955">
</testcase>
<testcase name="TC-BIZ — Seller Dashboard › TC-BIZ-11: Given I am on Create Seller Profile, When I inspect it, Then a &quot;Create Profile &amp; Start Selling&quot; button is visible" classname="platform\biz.spec.js" time="16.687">
</testcase>
<testcase name="TC-BIZ — Seller Dashboard › TC-BIZ-SIDEBAR-Dashboard: Given I am on the dashboard, When I inspect the sidebar, Then &quot;Dashboard&quot; links to /biz/business/dashboard" classname="platform\biz.spec.js" time="13.379">
</testcase>
<testcase name="TC-BIZ — Seller Dashboard › TC-BIZ-SIDEBAR-Analytics: Given I am on the dashboard, When I inspect the sidebar, Then &quot;Analytics&quot; links to /biz/business/dashboard/analytics" classname="platform\biz.spec.js" time="12.295">
</testcase>
<testcase name="TC-BIZ — Seller Dashboard › TC-BIZ-SIDEBAR-Digital-Products: Given I am on the dashboard, When I inspect the sidebar, Then &quot;Digital Products&quot; links to /biz/business/dashboard/digital-products" classname="platform\biz.spec.js" time="11.034">
</testcase>
<testcase name="TC-BIZ — Seller Dashboard › TC-BIZ-SIDEBAR-Physical-Products: Given I am on the dashboard, When I inspect the sidebar, Then &quot;Physical Products&quot; links to /biz/business/dashboard/physical-products" classname="platform\biz.spec.js" time="10.685">
</testcase>
<testcase name="TC-BIZ — Seller Dashboard › TC-BIZ-SIDEBAR-Orders: Given I am on the dashboard, When I inspect the sidebar, Then &quot;Orders&quot; links to /biz/business/dashboard/orders" classname="platform\biz.spec.js" time="9.641">
</testcase>
<testcase name="TC-BIZ — Seller Dashboard › TC-BIZ-SIDEBAR-Cart: Given I am on the dashboard, When I inspect the sidebar, Then &quot;Cart&quot; links to /biz/business/dashboard/cart" classname="platform\biz.spec.js" time="10.072">
</testcase>
<testcase name="TC-BIZ — Seller Dashboard › TC-BIZ-SIDEBAR-Store-Profile: Given I am on the dashboard, When I inspect the sidebar, Then &quot;Store Profile&quot; links to /biz/business/dashboard/store-profile" classname="platform\biz.spec.js" time="9.421">
</testcase>
<testcase name="TC-BIZ — Seller Dashboard › TC-BIZ-SIDEBAR-Store-Settings: Given I am on the dashboard, When I inspect the sidebar, Then &quot;Store Settings&quot; links to /biz/business/dashboard/store-settings" classname="platform\biz.spec.js" time="9.723">
</testcase>
<testcase name="TC-BIZ — Seller Dashboard › TC-BIZ-SIDEBAR-Ads: Given I am on the dashboard, When I inspect the sidebar, Then &quot;Ads &amp; Marketing&quot; links to /app/business/ads" classname="platform\biz.spec.js" time="14.74">
</testcase>
<testcase name="TC-BIZ — Seller Dashboard › TC-BIZ-PROFILE-FORM: Given I am on Create Seller Profile, When I inspect the form, Then store name, tagline, description, logo, banner, website, and location fields are present" classname="platform\biz.spec.js" time="13.114">
</testcase>
<testcase name="TC-BIZ — Cart › TC-BIZ-CART-01: Given I am authenticated, When I navigate to /biz/cart, Then the URL is correct" classname="platform\biz.spec.js" time="8.3">
</testcase>
<testcase name="TC-BIZ — Cart › TC-BIZ-CART-02: Given my cart has nothing in it, When I open the cart, Then an empty-cart message is shown" classname="platform\biz.spec.js" time="8.734">
</testcase>
<testcase name="TC-BIZ — Product Detail › TC-BIZ-PRODUCT-01: Given I am on Browse Digital, When I click a product, Then I land on its product detail page" classname="platform\biz.spec.js" time="8.899">
</testcase>
<testcase name="TC-BIZ — Product Detail › TC-BIZ-PRODUCT-02: Given I am on a product detail page, When I inspect it, Then a product title is shown" classname="platform\biz.spec.js" time="6.369">
</testcase>
<testcase name="TC-BIZ — Storefront › TC-BIZ-STORE-01: Given a seller has a public store, When I visit their store page, Then the seller name is shown as the heading" classname="platform\biz.spec.js" time="8.165">
</testcase>
<testcase name="TC-BIZ — Alias Routes (/biz/digital, /biz/physical) › TC-BIZ-ALIAS-01: Given I navigate to /biz/digital directly, Then it shows the Digital Products listing with a search box" classname="platform\biz.spec.js" time="8.756">
</testcase>
<testcase name="TC-BIZ — Alias Routes (/biz/digital, /biz/physical) › TC-BIZ-ALIAS-02: Given I navigate to /biz/physical directly, Then it shows the Physical Products listing" classname="platform\biz.spec.js" time="7.369">
</testcase>
<testcase name="TC-BIZ — Alias Routes (/biz/digital, /biz/physical) › TC-BIZ-ALIAS-03: Given I navigate to /biz/dashboard directly, Then it behaves the same as /biz/business/dashboard" classname="platform\biz.spec.js" time="7.183">
</testcase>
</testsuite>
</testsuites>